1763825522: Client healthcheck closed its connection.
1763825529: Received PINGREQ from Subscriber
1763825529: Sending PINGRESP to Subscriber
1763825562: Client Subscriber closed its connection.
1763825562: mosquitto version 2.0.22 terminating
1763825562: Saving in-memory database to /mosquitto/data//mosquitto.db.
1763825596: mosquitto version 2.0.22 starting
1763825596: Config loaded from /mosquitto/config/mosquitto.conf.
1763825596: Opening ipv4 listen socket on port 1883.
1763825596: mosquitto version 2.0.22 running
1763825601: New connection from 127.0.0.1:43422 on port 1883.
1763825601: New client connected from 127.0.0.1:43422 as healthcheck (p2, c1, k60).
1763825601: No will message specified.
1763825601: Sending CONNACK to healthcheck (0, 0)
1763825601: Received SUBSCRIBE from healthcheck
1763825601: 	$SYS/# (QoS 0)
1763825601: healthcheck 0 $SYS/#
1763825601: Sending SUBACK to healthcheck
1763825601: Sending PUBLISH to healthcheck (d0, q0, r1, m0, '$SYS/broker/version', ... (24 bytes))
1763825601: Sending PUBLISH to healthcheck (d0, q0, r1, m0, '$SYS/broker/uptime', ... (9 bytes))
1763825601: Sending PUBLISH to healthcheck (d0, q0, r1, m0, '$SYS/broker/clients/total', ... (1 bytes))
1763825601: Sending PUBLISH to healthcheck (d0, q0, r1, m0, '$SYS/broker/clients/inactive', ... (1 bytes))
1763825601: Sending PUBLISH to healthcheck (d0, q0, r1, m0, '$SYS/broker/clients/disconnected', ... (1 bytes))
1763825601: Sending PUBLISH to healthcheck (d0, q0, r1, m0, '$SYS/broker/clients/active', ... (1 bytes))
1763825601: Sending PUBLISH to healthcheck (d0, q0, r1, m0, '$SYS/broker/clients/connected', ... (1 bytes))
1763825601: Sending PUBLISH to healthcheck (d0, q0, r1, m0, '$SYS/broker/clients/expired', ... (1 bytes))
1763825601: Sending PUBLISH to healthcheck (d0, q0, r1, m0, '$SYS/broker/load/messages/received/1min', ... (4 bytes))
1763825601: Sending PUBLISH to healthcheck (d0, q0, r1, m0, '$SYS/broker/load/messages/received/5min', ... (4 bytes))
1763825601: Sending PUBLISH to healthcheck (d0, q0, r1, m0, '$SYS/broker/load/messages/received/15min', ... (4 bytes))
1763825601: Sending PUBLISH to healthcheck (d0, q0, r1, m0, '$SYS/broker/load/messages/sent/1min', ... (4 bytes))
1763825601: Sending PUBLISH to healthcheck (d0, q0, r1, m0, '$SYS/broker/load/messages/sent/5min', ... (4 bytes))
1763825601: Sending PUBLISH to healthcheck (d0, q0, r1, m0, '$SYS/broker/load/messages/sent/15min', ... (4 bytes))
1763825601: Sending PUBLISH to healthcheck (d0, q0, r1, m0, '$SYS/broker/load/publish/dropped/1min', ... (4 bytes))
1763825601: Sending PUBLISH to healthcheck (d0, q0, r1, m0, '$SYS/broker/load/publish/dropped/5min', ... (4 bytes))
1763825601: Sending PUBLISH to healthcheck (d0, q0, r1, m0, '$SYS/broker/load/publish/dropped/15min', ... (4 bytes))
1763825601: Sending PUBLISH to healthcheck (d0, q0, r1, m0, '$SYS/broker/load/publish/received/1min', ... (4 bytes))
1763825601: Sending PUBLISH to healthcheck (d0, q0, r1, m0, '$SYS/broker/load/publish/received/5min', ... (4 bytes))
1763825601: Sending PUBLISH to healthcheck (d0, q0, r1, m0, '$SYS/broker/load/publish/received/15min', ... (4 bytes))
1763825601: Sending PUBLISH to healthcheck (d0, q0, r1, m0, '$SYS/broker/load/publish/sent/1min', ... (4 bytes))
1763825601: Sending PUBLISH to healthcheck (d0, q0, r1, m0, '$SYS/broker/load/publish/sent/5min', ... (4 bytes))
1763825601: Sending PUBLISH to healthcheck (d0, q0, r1, m0, '$SYS/broker/load/publish/sent/15min', ... (4 bytes))
1763825601: Sending PUBLISH to healthcheck (d0, q0, r1, m0, '$SYS/broker/load/bytes/received/1min', ... (4 bytes))
1763825601: Sending PUBLISH to healthcheck (d0, q0, r1, m0, '$SYS/broker/load/bytes/received/5min', ... (4 bytes))
1763825601: Sending PUBLISH to healthcheck (d0, q0, r1, m0, '$SYS/broker/load/bytes/received/15min', ... (4 bytes))
1763825601: Sending PUBLISH to healthcheck (d0, q0, r1, m0, '$SYS/broker/load/bytes/sent/1min', ... (4 bytes))
1763825601: Sending PUBLISH to healthcheck (d0, q0, r1, m0, '$SYS/broker/load/bytes/sent/5min', ... (4 bytes))
1763825601: Sending PUBLISH to healthcheck (d0, q0, r1, m0, '$SYS/broker/load/bytes/sent/15min', ... (4 bytes))
1763825601: Sending PUBLISH to healthcheck (d0, q0, r1, m0, '$SYS/broker/load/sockets/1min', ... (4 bytes))
1763825601: Sending PUBLISH to healthcheck (d0, q0, r1, m0, '$SYS/broker/load/sockets/5min', ... (4 bytes))
1763825601: Sending PUBLISH to healthcheck (d0, q0, r1, m0, '$SYS/broker/load/sockets/15min', ... (4 bytes))
1763825601: Sending PUBLISH to healthcheck (d0, q0, r1, m0, '$SYS/broker/load/connections/1min', ... (4 bytes))
1763825601: Sending PUBLISH to healthcheck (d0, q0, r1, m0, '$SYS/broker/load/connections/5min', ... (4 bytes))
1763825601: Sending PUBLISH to healthcheck (d0, q0, r1, m0, '$SYS/broker/load/connections/15min', ... (4 bytes))
1763825601: Sending PUBLISH to healthcheck (d0, q0, r1, m0, '$SYS/broker/messages/stored', ... (2 bytes))
1763825601: Sending PUBLISH to healthcheck (d0, q0, r1, m0, '$SYS/broker/messages/received', ... (1 bytes))
1763825601: Sending PUBLISH to healthcheck (d0, q0, r1, m0, '$SYS/broker/messages/sent', ... (1 bytes))
1763825601: Sending PUBLISH to healthcheck (d0, q0, r1, m0, '$SYS/broker/store/messages/count', ... (2 bytes))
1763825601: Sending PUBLISH to healthcheck (d0, q0, r1, m0, '$SYS/broker/store/messages/bytes', ... (3 bytes))
1763825601: Sending PUBLISH to healthcheck (d0, q0, r1, m0, '$SYS/broker/subscriptions/count', ... (1 bytes))
1763825601: Sending PUBLISH to healthcheck (d0, q0, r1, m0, '$SYS/broker/shared_subscriptions/count', ... (1 bytes))
1763825601: Sending PUBLISH to healthcheck (d0, q0, r1, m0, '$SYS/broker/retained messages/count', ... (2 bytes))
1763825601: Sending PUBLISH to healthcheck (d0, q0, r1, m0, '$SYS/broker/publish/messages/dropped', ... (1 bytes))
1763825601: Sending PUBLISH to healthcheck (d0, q0, r1, m0, '$SYS/broker/publish/messages/received', ... (1 bytes))
1763825601: Sending PUBLISH to healthcheck (d0, q0, r1, m0, '$SYS/broker/publish/messages/sent', ... (1 bytes))
1763825601: Sending PUBLISH to healthcheck (d0, q0, r1, m0, '$SYS/broker/publish/bytes/received', ... (1 bytes))
1763825601: Sending PUBLISH to healthcheck (d0, q0, r1, m0, '$SYS/broker/publish/bytes/sent', ... (1 bytes))
1763825601: Sending PUBLISH to healthcheck (d0, q0, r1, m0, '$SYS/broker/bytes/received', ... (1 bytes))
1763825601: Sending PUBLISH to healthcheck (d0, q0, r1, m0, '$SYS/broker/bytes/sent', ... (1 bytes))
1763825601: Client healthcheck closed its connection.
1763825607: New connection from 172.18.0.6:44902 on port 1883.
1763825608: New client connected from 172.18.0.6:44902 as Subscriber (p2, c1, k60).
1763825608: No will message specified.
1763825608: Sending CONNACK to Subscriber (0, 0)
1763825608: Received SUBSCRIBE from Subscriber
1763825608: 	spBv1.0/UCL-SEE-A/NBIRTH/TLab (QoS 0)
1763825608: Subscriber 0 spBv1.0/UCL-SEE-A/NBIRTH/TLab
1763825608: Sending SUBACK to Subscriber
1763825608: Received SUBSCRIBE from Subscriber
1763825608: 	spBv1.0/UCL-SEE-A/DDATA/TLab/VentSensor1 (QoS 0)
1763825608: Subscriber 0 spBv1.0/UCL-SEE-A/DDATA/TLab/VentSensor1
1763825608: Sending SUBACK to Subscriber
1763825608: Received SUBSCRIBE from Subscriber
1763825608: 	spBv1.0/UCL-SEE-A/NDEATH/TLab (QoS 0)
1763825608: Subscriber 0 spBv1.0/UCL-SEE-A/NDEATH/TLab
1763825608: Sending SUBACK to Subscriber
1763825608: Received SUBSCRIBE from Subscriber
1763825608: 	spBv1.0/+/NDATA/+ (QoS 0)
1763825608: Subscriber 0 spBv1.0/+/NDATA/+
1763825608: Sending SUBACK to Subscriber
1763825608: Received SUBSCRIBE from Subscriber
1763825608: 	spBv1.0/+/NCMD/+ (QoS 0)
1763825608: Subscriber 0 spBv1.0/+/NCMD/+
1763825608: Sending SUBACK to Subscriber
1763825608: Received SUBSCRIBE from Subscriber
1763825608: 	spBv1.0/+/DCMD/+/+ (QoS 0)
1763825608: Subscriber 0 spBv1.0/+/DCMD/+/+
1763825608: Sending SUBACK to Subscriber
1763825616: New connection from 172.18.0.1:41718 on port 1883.
1763825616: New client connected from 172.18.0.1:41718 as Publisher (p2, c1, k60).
1763825616: No will message specified.
1763825616: Sending CONNACK to Publisher (0, 0)
1763825616: Received PUBLISH from Publisher (d0, q0, r0, m0, 'spBv1.0/UCL-SEE-A/NBIRTH/TLab', ... (1999 bytes))
1763825616: Sending PUBLISH to Subscriber (d0, q0, r0, m0, 'spBv1.0/UCL-SEE-A/NBIRTH/TLab', ... (1999 bytes))
1763825616: Received PUBLISH from Publisher (d0, q0, r0, m0, 'spBv1.0/UCL-SEE-A/DDATA/TLab/VentSensor1', ... (220 bytes))
1763825616: Sending PUBLISH to Subscriber (d0, q0, r0, m0, 'spBv1.0/UCL-SEE-A/DDATA/TLab/VentSensor1', ... (220 bytes))
1763825616: Received PUBLISH from Publisher (d0, q0, r0, m0, 'spBv1.0/UCL-SEE-A/NDEATH/TLab', ... (45 bytes))
1763825616: Sending PUBLISH to Subscriber (d0, q0, r0, m0, 'spBv1.0/UCL-SEE-A/NDEATH/TLab', ... (45 bytes))
1763825616: Received DISCONNECT from Publisher
1763825616: Client Publisher disconnected.
1763825661: New connection from 127.0.0.1:59024 on port 1883.
1763825661: New client connected from 127.0.0.1:59024 as healthcheck (p2, c1, k60).
1763825661: No will message specified.
1763825661: Sending CONNACK to healthcheck (0, 0)
1763825661: Received SUBSCRIBE from healthcheck
1763825661: 	$SYS/# (QoS 0)
1763825661: healthcheck 0 $SYS/#
1763825661: Sending SUBACK to healthcheck
1763825661: Sending PUBLISH to healthcheck (d0, q0, r1, m0, '$SYS/broker/version', ... (24 bytes))
1763825661: Sending PUBLISH to healthcheck (d0, q0, r1, m0, '$SYS/broker/uptime', ... (10 bytes))
1763825661: Sending PUBLISH to healthcheck (d0, q0, r1, m0, '$SYS/broker/clients/total', ... (1 bytes))
1763825661: Sending PUBLISH to healthcheck (d0, q0, r1, m0, '$SYS/broker/clients/inactive', ... (1 bytes))
1763825661: Sending PUBLISH to healthcheck (d0, q0, r1, m0, '$SYS/broker/clients/disconnected', ... (1 bytes))
1763825661: Sending PUBLISH to healthcheck (d0, q0, r1, m0, '$SYS/broker/clients/active', ... (1 bytes))
1763825661: Sending PUBLISH to healthcheck (d0, q0, r1, m0, '$SYS/broker/clients/connected', ... (1 bytes))
1763825661: Sending PUBLISH to healthcheck (d0, q0, r1, m0, '$SYS/broker/clients/expired', ... (1 bytes))
1763825661: Sending PUBLISH to healthcheck (d0, q0, r1, m0, '$SYS/broker/clients/maximum', ... (1 bytes))
1763825661: Sending PUBLISH to healthcheck (d0, q0, r1, m0, '$SYS/broker/load/messages/received/1min', ... (4 bytes))
1763825661: Sending PUBLISH to healthcheck (d0, q0, r1, m0, '$SYS/broker/load/messages/received/5min', ... (4 bytes))
1763825661: Sending PUBLISH to healthcheck (d0, q0, r1, m0, '$SYS/broker/load/messages/received/15min', ... (4 bytes))
1763825661: Sending PUBLISH to healthcheck (d0, q0, r1, m0, '$SYS/broker/load/messages/sent/1min', ... (5 bytes))
1763825661: Sending PUBLISH to healthcheck (d0, q0, r1, m0, '$SYS/broker/load/messages/sent/5min', ... (5 bytes))
1763825661: Sending PUBLISH to healthcheck (d0, q0, r1, m0, '$SYS/broker/load/messages/sent/15min', ... (4 bytes))
1763825661: Sending PUBLISH to healthcheck (d0, q0, r1, m0, '$SYS/broker/load/publish/dropped/1min', ... (4 bytes))
1763825661: Sending PUBLISH to healthcheck (d0, q0, r1, m0, '$SYS/broker/load/publish/dropped/5min', ... (4 bytes))
1763825661: Sending PUBLISH to healthcheck (d0, q0, r1, m0, '$SYS/broker/load/publish/dropped/15min', ... (4 bytes))
1763825661: Sending PUBLISH to healthcheck (d0, q0, r1, m0, '$SYS/broker/load/publish/received/1min', ... (4 bytes))
1763825661: Sending PUBLISH to healthcheck (d0, q0, r1, m0, '$SYS/broker/load/publish/received/5min', ... (4 bytes))
1763825661: Sending PUBLISH to healthcheck (d0, q0, r1, m0, '$SYS/broker/load/publish/received/15min', ... (4 bytes))
1763825661: Sending PUBLISH to healthcheck (d0, q0, r1, m0, '$SYS/broker/load/publish/sent/1min', ... (5 bytes))
1763825661: Sending PUBLISH to healthcheck (d0, q0, r1, m0, '$SYS/broker/load/publish/sent/5min', ... (4 bytes))
1763825661: Sending PUBLISH to healthcheck (d0, q0, r1, m0, '$SYS/broker/load/publish/sent/15min', ... (4 bytes))
1763825661: Sending PUBLISH to healthcheck (d0, q0, r1, m0, '$SYS/broker/load/bytes/received/1min', ... (7 bytes))
1763825661: Sending PUBLISH to healthcheck (d0, q0, r1, m0, '$SYS/broker/load/bytes/received/5min', ... (6 bytes))
1763825661: Sending PUBLISH to healthcheck (d0, q0, r1, m0, '$SYS/broker/load/bytes/received/15min', ... (6 bytes))
1763825661: Sending PUBLISH to healthcheck (d0, q0, r1, m0, '$SYS/broker/load/bytes/sent/1min', ... (7 bytes))
1763825661: Sending PUBLISH to healthcheck (d0, q0, r1, m0, '$SYS/broker/load/bytes/sent/5min', ... (6 bytes))
1763825661: Sending PUBLISH to healthcheck (d0, q0, r1, m0, '$SYS/broker/load/bytes/sent/15min', ... (6 bytes))
1763825661: Sending PUBLISH to healthcheck (d0, q0, r1, m0, '$SYS/broker/load/sockets/1min', ... (4 bytes))
1763825661: Sending PUBLISH to healthcheck (d0, q0, r1, m0, '$SYS/broker/load/sockets/5min', ... (4 bytes))
1763825661: Sending PUBLISH to healthcheck (d0, q0, r1, m0, '$SYS/broker/load/sockets/15min', ... (4 bytes))
1763825661: Sending PUBLISH to healthcheck (d0, q0, r1, m0, '$SYS/broker/load/connections/1min', ... (4 bytes))
1763825661: Sending PUBLISH to healthcheck (d0, q0, r1, m0, '$SYS/broker/load/connections/5min', ... (4 bytes))
1763825661: Sending PUBLISH to healthcheck (d0, q0, r1, m0, '$SYS/broker/load/connections/15min', ... (4 bytes))
1763825661: Sending PUBLISH to healthcheck (d0, q0, r1, m0, '$SYS/broker/messages/stored', ... (2 bytes))
1763825661: Sending PUBLISH to healthcheck (d0, q0, r1, m0, '$SYS/broker/messages/received', ... (2 bytes))
1763825661: Sending PUBLISH to healthcheck (d0, q0, r1, m0, '$SYS/broker/messages/sent', ... (2 bytes))
1763825661: Sending PUBLISH to healthcheck (d0, q0, r1, m0, '$SYS/broker/store/messages/count', ... (2 bytes))
1763825661: Sending PUBLISH to healthcheck (d0, q0, r1, m0, '$SYS/broker/store/messages/bytes', ... (3 bytes))
1763825661: Sending PUBLISH to healthcheck (d0, q0, r1, m0, '$SYS/broker/subscriptions/count', ... (1 bytes))
1763825661: Sending PUBLISH to healthcheck (d0, q0, r1, m0, '$SYS/broker/shared_subscriptions/count', ... (1 bytes))
1763825661: Sending PUBLISH to healthcheck (d0, q0, r1, m0, '$SYS/broker/retained messages/count', ... (2 bytes))
1763825661: Sending PUBLISH to healthcheck (d0, q0, r1, m0, '$SYS/broker/publish/messages/dropped', ... (1 bytes))
1763825661: Sending PUBLISH to healthcheck (d0, q0, r1, m0, '$SYS/broker/publish/messages/received', ... (1 bytes))
1763825661: Sending PUBLISH to healthcheck (d0, q0, r1, m0, '$SYS/broker/publish/messages/sent', ... (2 bytes))
1763825661: Sending PUBLISH to healthcheck (d0, q0, r1, m0, '$SYS/broker/publish/bytes/received', ... (4 bytes))
1763825661: Sending PUBLISH to healthcheck (d0, q0, r1, m0, '$SYS/broker/publish/bytes/sent', ... (4 bytes))
1763825661: Sending PUBLISH to healthcheck (d0, q0, r1, m0, '$SYS/broker/bytes/received', ... (4 bytes))
1763825661: Sending PUBLISH to healthcheck (d0, q0, r1, m0, '$SYS/broker/bytes/sent', ... (4 bytes))
1763825661: Client healthcheck closed its connection.
1763825668: Received PINGREQ from Subscriber
1763825668: Sending PINGRESP to Subscriber
1763825721: New connection from 127.0.0.1:46942 on port 1883.
1763825721: New client connected from 127.0.0.1:46942 as healthcheck (p2, c1, k60).
1763825721: No will message specified.
1763825721: Sending CONNACK to healthcheck (0, 0)
1763825721: Received SUBSCRIBE from healthcheck
1763825721: 	$SYS/# (QoS 0)
1763825721: healthcheck 0 $SYS/#
1763825721: Sending SUBACK to healthcheck
1763825721: Sending PUBLISH to healthcheck (d0, q0, r1, m0, '$SYS/broker/version', ... (24 bytes))
1763825721: Sending PUBLISH to healthcheck (d0, q0, r1, m0, '$SYS/broker/uptime', ... (11 bytes))
1763825721: Sending PUBLISH to healthcheck (d0, q0, r1, m0, '$SYS/broker/clients/total', ... (1 bytes))
1763825721: Sending PUBLISH to healthcheck (d0, q0, r1, m0, '$SYS/broker/clients/inactive', ... (1 bytes))
1763825721: Sending PUBLISH to healthcheck (d0, q0, r1, m0, '$SYS/broker/clients/disconnected', ... (1 bytes))
1763825721: Sending PUBLISH to healthcheck (d0, q0, r1, m0, '$SYS/broker/clients/active', ... (1 bytes))
1763825721: Sending PUBLISH to healthcheck (d0, q0, r1, m0, '$SYS/broker/clients/connected', ... (1 bytes))
1763825721: Sending PUBLISH to healthcheck (d0, q0, r1, m0, '$SYS/broker/clients/expired', ... (1 bytes))
1763825721: Sending PUBLISH to healthcheck (d0, q0, r1, m0, '$SYS/broker/clients/maximum', ... (1 bytes))
1763825721: Sending PUBLISH to healthcheck (d0, q0, r1, m0, '$SYS/broker/load/messages/received/1min', ... (4 bytes))
1763825721: Sending PUBLISH to healthcheck (d0, q0, r1, m0, '$SYS/broker/load/messages/received/5min', ... (4 bytes))
1763825721: Sending PUBLISH to healthcheck (d0, q0, r1, m0, '$SYS/broker/load/messages/received/15min', ... (4 bytes))
1763825721: Sending PUBLISH to healthcheck (d0, q0, r1, m0, '$SYS/broker/load/messages/sent/1min', ... (5 bytes))
1763825721: Sending PUBLISH to healthcheck (d0, q0, r1, m0, '$SYS/broker/load/messages/sent/5min', ... (5 bytes))
1763825721: Sending PUBLISH to healthcheck (d0, q0, r1, m0, '$SYS/broker/load/messages/sent/15min', ... (4 bytes))
1763825721: Sending PUBLISH to healthcheck (d0, q0, r1, m0, '$SYS/broker/load/publish/dropped/1min', ... (4 bytes))
1763825721: Sending PUBLISH to healthcheck (d0, q0, r1, m0, '$SYS/broker/load/publish/dropped/5min', ... (4 bytes))
1763825721: Sending PUBLISH to healthcheck (d0, q0, r1, m0, '$SYS/broker/load/publish/dropped/15min', ... (4 bytes))
1763825721: Sending PUBLISH to healthcheck (d0, q0, r1, m0, '$SYS/broker/load/publish/received/1min', ... (4 bytes))
1763825721: Sending PUBLISH to healthcheck (d0, q0, r1, m0, '$SYS/broker/load/publish/received/5min', ... (4 bytes))
1763825721: Sending PUBLISH to healthcheck (d0, q0, r1, m0, '$SYS/broker/load/publish/received/15min', ... (4 bytes))
1763825721: Sending PUBLISH to healthcheck (d0, q0, r1, m0, '$SYS/broker/load/publish/sent/1min', ... (5 bytes))
1763825721: Sending PUBLISH to healthcheck (d0, q0, r1, m0, '$SYS/broker/load/publish/sent/5min', ... (5 bytes))
1763825721: Sending PUBLISH to healthcheck (d0, q0, r1, m0, '$SYS/broker/load/publish/sent/15min', ... (4 bytes))
1763825721: Sending PUBLISH to healthcheck (d0, q0, r1, m0, '$SYS/broker/load/bytes/received/1min', ... (6 bytes))
1763825721: Sending PUBLISH to healthcheck (d0, q0, r1, m0, '$SYS/broker/load/bytes/received/5min', ... (6 bytes))
1763825721: Sending PUBLISH to healthcheck (d0, q0, r1, m0, '$SYS/broker/load/bytes/received/15min', ... (6 bytes))
1763825721: Sending PUBLISH to healthcheck (d0, q0, r1, m0, '$SYS/broker/load/bytes/sent/1min', ... (7 bytes))
1763825721: Sending PUBLISH to healthcheck (d0, q0, r1, m0, '$SYS/broker/load/bytes/sent/5min', ... (6 bytes))
1763825721: Sending PUBLISH to healthcheck (d0, q0, r1, m0, '$SYS/broker/load/bytes/sent/15min', ... (6 bytes))
1763825721: Sending PUBLISH to healthcheck (d0, q0, r1, m0, '$SYS/broker/load/sockets/1min', ... (4 bytes))
1763825721: Sending PUBLISH to healthcheck (d0, q0, r1, m0, '$SYS/broker/load/sockets/5min', ... (4 bytes))
1763825721: Sending PUBLISH to healthcheck (d0, q0, r1, m0, '$SYS/broker/load/sockets/15min', ... (4 bytes))
1763825721: Sending PUBLISH to healthcheck (d0, q0, r1, m0, '$SYS/broker/load/connections/1min', ... (4 bytes))
1763825721: Sending PUBLISH to healthcheck (d0, q0, r1, m0, '$SYS/broker/load/connections/5min', ... (4 bytes))
1763825721: Sending PUBLISH to healthcheck (d0, q0, r1, m0, '$SYS/broker/load/connections/15min', ... (4 bytes))
1763825721: Sending PUBLISH to healthcheck (d0, q0, r1, m0, '$SYS/broker/messages/stored', ... (2 bytes))
1763825721: Sending PUBLISH to healthcheck (d0, q0, r1, m0, '$SYS/broker/messages/received', ... (2 bytes))
1763825721: Sending PUBLISH to healthcheck (d0, q0, r1, m0, '$SYS/broker/messages/sent', ... (3 bytes))
1763825721: Sending PUBLISH to healthcheck (d0, q0, r1, m0, '$SYS/broker/store/messages/count', ... (2 bytes))
1763825721: Sending PUBLISH to healthcheck (d0, q0, r1, m0, '$SYS/broker/store/messages/bytes', ... (3 bytes))
1763825721: Sending PUBLISH to healthcheck (d0, q0, r1, m0, '$SYS/broker/subscriptions/count', ... (1 bytes))
1763825721: Sending PUBLISH to healthcheck (d0, q0, r1, m0, '$SYS/broker/shared_subscriptions/count', ... (1 bytes))
1763825721: Sending PUBLISH to healthcheck (d0, q0, r1, m0, '$SYS/broker/retained messages/count', ... (2 bytes))
1763825721: Sending PUBLISH to healthcheck (d0, q0, r1, m0, '$SYS/broker/publish/messages/dropped', ... (1 bytes))
1763825721: Sending PUBLISH to healthcheck (d0, q0, r1, m0, '$SYS/broker/publish/messages/received', ... (1 bytes))
1763825721: Sending PUBLISH to healthcheck (d0, q0, r1, m0, '$SYS/broker/publish/messages/sent', ... (3 bytes))
1763825721: Sending PUBLISH to healthcheck (d0, q0, r1, m0, '$SYS/broker/publish/bytes/received', ... (4 bytes))
1763825721: Sending PUBLISH to healthcheck (d0, q0, r1, m0, '$SYS/broker/publish/bytes/sent', ... (4 bytes))
1763825721: Sending PUBLISH to healthcheck (d0, q0, r1, m0, '$SYS/broker/bytes/received', ... (4 bytes))
1763825721: Sending PUBLISH to healthcheck (d0, q0, r1, m0, '$SYS/broker/bytes/sent', ... (4 bytes))
1763825721: Client healthcheck closed its connection.
1763825729: Received PINGREQ from Subscriber
1763825729: Sending PINGRESP to Subscriber
1763825781: New connection from 127.0.0.1:55754 on port 1883.
1763825781: New client connected from 127.0.0.1:55754 as healthcheck (p2, c1, k60).
1763825781: No will message specified.
1763825781: Sending CONNACK to healthcheck (0, 0)
1763825781: Received SUBSCRIBE from healthcheck
1763825781: 	$SYS/# (QoS 0)
1763825781: healthcheck 0 $SYS/#
1763825781: Sending SUBACK to healthcheck
1763825781: Sending PUBLISH to healthcheck (d0, q0, r1, m0, '$SYS/broker/version', ... (24 bytes))
1763825781: Sending PUBLISH to healthcheck (d0, q0, r1, m0, '$SYS/broker/uptime', ... (11 bytes))
1763825781: Sending PUBLISH to healthcheck (d0, q0, r1, m0, '$SYS/broker/clients/total', ... (1 bytes))
1763825781: Sending PUBLISH to healthcheck (d0, q0, r1, m0, '$SYS/broker/clients/inactive', ... (1 bytes))
1763825781: Sending PUBLISH to healthcheck (d0, q0, r1, m0, '$SYS/broker/clients/disconnected', ... (1 bytes))
1763825781: Sending PUBLISH to healthcheck (d0, q0, r1, m0, '$SYS/broker/clients/active', ... (1 bytes))
1763825781: Sending PUBLISH to healthcheck (d0, q0, r1, m0, '$SYS/broker/clients/connected', ... (1 bytes))
1763825781: Sending PUBLISH to healthcheck (d0, q0, r1, m0, '$SYS/broker/clients/expired', ... (1 bytes))
1763825781: Sending PUBLISH to healthcheck (d0, q0, r1, m0, '$SYS/broker/clients/maximum', ... (1 bytes))
1763825781: Sending PUBLISH to healthcheck (d0, q0, r1, m0, '$SYS/broker/load/messages/received/1min', ... (4 bytes))
1763825781: Sending PUBLISH to healthcheck (d0, q0, r1, m0, '$SYS/broker/load/messages/received/5min', ... (4 bytes))
1763825781: Sending PUBLISH to healthcheck (d0, q0, r1, m0, '$SYS/broker/load/messages/received/15min', ... (4 bytes))
1763825781: Sending PUBLISH to healthcheck (d0, q0, r1, m0, '$SYS/broker/load/messages/sent/1min', ... (5 bytes))
1763825781: Sending PUBLISH to healthcheck (d0, q0, r1, m0, '$SYS/broker/load/messages/sent/5min', ... (5 bytes))
1763825781: Sending PUBLISH to healthcheck (d0, q0, r1, m0, '$SYS/broker/load/messages/sent/15min', ... (5 bytes))
1763825781: Sending PUBLISH to healthcheck (d0, q0, r1, m0, '$SYS/broker/load/publish/dropped/1min', ... (4 bytes))
1763825781: Sending PUBLISH to healthcheck (d0, q0, r1, m0, '$SYS/broker/load/publish/dropped/5min', ... (4 bytes))
1763825781: Sending PUBLISH to healthcheck (d0, q0, r1, m0, '$SYS/broker/load/publish/dropped/15min', ... (4 bytes))
1763825781: Sending PUBLISH to healthcheck (d0, q0, r1, m0, '$SYS/broker/load/publish/received/1min', ... (4 bytes))
1763825781: Sending PUBLISH to healthcheck (d0, q0, r1, m0, '$SYS/broker/load/publish/received/5min', ... (4 bytes))
1763825781: Sending PUBLISH to healthcheck (d0, q0, r1, m0, '$SYS/broker/load/publish/received/15min', ... (4 bytes))
1763825781: Sending PUBLISH to healthcheck (d0, q0, r1, m0, '$SYS/broker/load/publish/sent/1min', ... (5 bytes))
1763825781: Sending PUBLISH to healthcheck (d0, q0, r1, m0, '$SYS/broker/load/publish/sent/5min', ... (5 bytes))
1763825781: Sending PUBLISH to healthcheck (d0, q0, r1, m0, '$SYS/broker/load/publish/sent/15min', ... (4 bytes))
1763825781: Sending PUBLISH to healthcheck (d0, q0, r1, m0, '$SYS/broker/load/bytes/received/1min', ... (6 bytes))
1763825781: Sending PUBLISH to healthcheck (d0, q0, r1, m0, '$SYS/broker/load/bytes/received/5min', ... (6 bytes))
1763825781: Sending PUBLISH to healthcheck (d0, q0, r1, m0, '$SYS/broker/load/bytes/received/15min', ... (6 bytes))
1763825781: Sending PUBLISH to healthcheck (d0, q0, r1, m0, '$SYS/broker/load/bytes/sent/1min', ... (7 bytes))
1763825781: Sending PUBLISH to healthcheck (d0, q0, r1, m0, '$SYS/broker/load/bytes/sent/5min', ... (7 bytes))
1763825781: Sending PUBLISH to healthcheck (d0, q0, r1, m0, '$SYS/broker/load/bytes/sent/15min', ... (6 bytes))
1763825781: Sending PUBLISH to healthcheck (d0, q0, r1, m0, '$SYS/broker/load/sockets/1min', ... (4 bytes))
1763825781: Sending PUBLISH to healthcheck (d0, q0, r1, m0, '$SYS/broker/load/sockets/5min', ... (4 bytes))
1763825781: Sending PUBLISH to healthcheck (d0, q0, r1, m0, '$SYS/broker/load/sockets/15min', ... (4 bytes))
1763825781: Sending PUBLISH to healthcheck (d0, q0, r1, m0, '$SYS/broker/load/connections/1min', ... (4 bytes))
1763825781: Sending PUBLISH to healthcheck (d0, q0, r1, m0, '$SYS/broker/load/connections/5min', ... (4 bytes))
1763825781: Sending PUBLISH to healthcheck (d0, q0, r1, m0, '$SYS/broker/load/connections/15min', ... (4 bytes))
1763825781: Sending PUBLISH to healthcheck (d0, q0, r1, m0, '$SYS/broker/messages/stored', ... (2 bytes))
1763825781: Sending PUBLISH to healthcheck (d0, q0, r1, m0, '$SYS/broker/messages/received', ... (2 bytes))
1763825781: Sending PUBLISH to healthcheck (d0, q0, r1, m0, '$SYS/broker/messages/sent', ... (3 bytes))
1763825781: Sending PUBLISH to healthcheck (d0, q0, r1, m0, '$SYS/broker/store/messages/count', ... (2 bytes))
1763825781: Sending PUBLISH to healthcheck (d0, q0, r1, m0, '$SYS/broker/store/messages/bytes', ... (3 bytes))
1763825781: Sending PUBLISH to healthcheck (d0, q0, r1, m0, '$SYS/broker/subscriptions/count', ... (1 bytes))
1763825781: Sending PUBLISH to healthcheck (d0, q0, r1, m0, '$SYS/broker/shared_subscriptions/count', ... (1 bytes))
1763825781: Sending PUBLISH to healthcheck (d0, q0, r1, m0, '$SYS/broker/retained messages/count', ... (2 bytes))
1763825781: Sending PUBLISH to healthcheck (d0, q0, r1, m0, '$SYS/broker/publish/messages/dropped', ... (1 bytes))
1763825781: Sending PUBLISH to healthcheck (d0, q0, r1, m0, '$SYS/broker/publish/messages/received', ... (1 bytes))
1763825781: Sending PUBLISH to healthcheck (d0, q0, r1, m0, '$SYS/broker/publish/messages/sent', ... (3 bytes))
1763825781: Sending PUBLISH to healthcheck (d0, q0, r1, m0, '$SYS/broker/publish/bytes/received', ... (4 bytes))
1763825781: Sending PUBLISH to healthcheck (d0, q0, r1, m0, '$SYS/broker/publish/bytes/sent', ... (4 bytes))
1763825781: Sending PUBLISH to healthcheck (d0, q0, r1, m0, '$SYS/broker/bytes/received', ... (4 bytes))
1763825781: Sending PUBLISH to healthcheck (d0, q0, r1, m0, '$SYS/broker/bytes/sent', ... (4 bytes))
1763825781: Client healthcheck closed its connection.
1763825789: Received PINGREQ from Subscriber
1763825789: Sending PINGRESP to Subscriber
1763825841: New connection from 127.0.0.1:38076 on port 1883.
1763825841: New client connected from 127.0.0.1:38076 as healthcheck (p2, c1, k60).
1763825841: No will message specified.
1763825841: Sending CONNACK to healthcheck (0, 0)
1763825841: Received SUBSCRIBE from healthcheck
1763825841: 	$SYS/# (QoS 0)
1763825841: healthcheck 0 $SYS/#
1763825841: Sending SUBACK to healthcheck
1763825841: Sending PUBLISH to healthcheck (d0, q0, r1, m0, '$SYS/broker/version', ... (24 bytes))
1763825841: Sending PUBLISH to healthcheck (d0, q0, r1, m0, '$SYS/broker/uptime', ... (11 bytes))
1763825841: Sending PUBLISH to healthcheck (d0, q0, r1, m0, '$SYS/broker/clients/total', ... (1 bytes))
1763825841: Sending PUBLISH to healthcheck (d0, q0, r1, m0, '$SYS/broker/clients/inactive', ... (1 bytes))
1763825841: Sending PUBLISH to healthcheck (d0, q0, r1, m0, '$SYS/broker/clients/disconnected', ... (1 bytes))
1763825841: Sending PUBLISH to healthcheck (d0, q0, r1, m0, '$SYS/broker/clients/active', ... (1 bytes))
1763825841: Sending PUBLISH to healthcheck (d0, q0, r1, m0, '$SYS/broker/clients/connected', ... (1 bytes))
1763825841: Sending PUBLISH to healthcheck (d0, q0, r1, m0, '$SYS/broker/clients/expired', ... (1 bytes))
1763825841: Sending PUBLISH to healthcheck (d0, q0, r1, m0, '$SYS/broker/clients/maximum', ... (1 bytes))
1763825841: Sending PUBLISH to healthcheck (d0, q0, r1, m0, '$SYS/broker/load/messages/received/1min', ... (4 bytes))
1763825841: Sending PUBLISH to healthcheck (d0, q0, r1, m0, '$SYS/broker/load/messages/received/5min', ... (4 bytes))
1763825841: Sending PUBLISH to healthcheck (d0, q0, r1, m0, '$SYS/broker/load/messages/received/15min', ... (4 bytes))
1763825841: Sending PUBLISH to healthcheck (d0, q0, r1, m0, '$SYS/broker/load/messages/sent/1min', ... (5 bytes))
1763825841: Sending PUBLISH to healthcheck (d0, q0, r1, m0, '$SYS/broker/load/messages/sent/5min', ... (5 bytes))
1763825841: Sending PUBLISH to healthcheck (d0, q0, r1, m0, '$SYS/broker/load/messages/sent/15min', ... (5 bytes))
1763825841: Sending PUBLISH to healthcheck (d0, q0, r1, m0, '$SYS/broker/load/publish/dropped/1min', ... (4 bytes))
1763825841: Sending PUBLISH to healthcheck (d0, q0, r1, m0, '$SYS/broker/load/publish/dropped/5min', ... (4 bytes))
1763825841: Sending PUBLISH to healthcheck (d0, q0, r1, m0, '$SYS/broker/load/publish/dropped/15min', ... (4 bytes))
1763825841: Sending PUBLISH to healthcheck (d0, q0, r1, m0, '$SYS/broker/load/publish/received/1min', ... (4 bytes))
1763825841: Sending PUBLISH to healthcheck (d0, q0, r1, m0, '$SYS/broker/load/publish/received/5min', ... (4 bytes))
1763825841: Sending PUBLISH to healthcheck (d0, q0, r1, m0, '$SYS/broker/load/publish/received/15min', ... (4 bytes))
1763825841: Sending PUBLISH to healthcheck (d0, q0, r1, m0, '$SYS/broker/load/publish/sent/1min', ... (5 bytes))
1763825841: Sending PUBLISH to healthcheck (d0, q0, r1, m0, '$SYS/broker/load/publish/sent/5min', ... (5 bytes))
1763825841: Sending PUBLISH to healthcheck (d0, q0, r1, m0, '$SYS/broker/load/publish/sent/15min', ... (5 bytes))
1763825841: Sending PUBLISH to healthcheck (d0, q0, r1, m0, '$SYS/broker/load/bytes/received/1min', ... (5 bytes))
1763825841: Sending PUBLISH to healthcheck (d0, q0, r1, m0, '$SYS/broker/load/bytes/received/5min', ... (6 bytes))
1763825841: Sending PUBLISH to healthcheck (d0, q0, r1, m0, '$SYS/broker/load/bytes/received/15min', ... (6 bytes))
1763825841: Sending PUBLISH to healthcheck (d0, q0, r1, m0, '$SYS/broker/load/bytes/sent/1min', ... (7 bytes))
1763825841: Sending PUBLISH to healthcheck (d0, q0, r1, m0, '$SYS/broker/load/bytes/sent/5min', ... (7 bytes))
1763825841: Sending PUBLISH to healthcheck (d0, q0, r1, m0, '$SYS/broker/load/bytes/sent/15min', ... (6 bytes))
1763825841: Sending PUBLISH to healthcheck (d0, q0, r1, m0, '$SYS/broker/load/sockets/1min', ... (4 bytes))
1763825841: Sending PUBLISH to healthcheck (d0, q0, r1, m0, '$SYS/broker/load/sockets/5min', ... (4 bytes))
1763825841: Sending PUBLISH to healthcheck (d0, q0, r1, m0, '$SYS/broker/load/sockets/15min', ... (4 bytes))
1763825841: Sending PUBLISH to healthcheck (d0, q0, r1, m0, '$SYS/broker/load/connections/1min', ... (4 bytes))
1763825841: Sending PUBLISH to healthcheck (d0, q0, r1, m0, '$SYS/broker/load/connections/5min', ... (4 bytes))
1763825841: Sending PUBLISH to healthcheck (d0, q0, r1, m0, '$SYS/broker/load/connections/15min', ... (4 bytes))
1763825841: Sending PUBLISH to healthcheck (d0, q0, r1, m0, '$SYS/broker/messages/stored', ... (2 bytes))
1763825841: Sending PUBLISH to healthcheck (d0, q0, r1, m0, '$SYS/broker/messages/received', ... (2 bytes))
1763825841: Sending PUBLISH to healthcheck (d0, q0, r1, m0, '$SYS/broker/messages/sent', ... (3 bytes))
1763825841: Sending PUBLISH to healthcheck (d0, q0, r1, m0, '$SYS/broker/store/messages/count', ... (2 bytes))
1763825841: Sending PUBLISH to healthcheck (d0, q0, r1, m0, '$SYS/broker/store/messages/bytes', ... (3 bytes))
1763825841: Sending PUBLISH to healthcheck (d0, q0, r1, m0, '$SYS/broker/subscriptions/count', ... (1 bytes))
1763825841: Sending PUBLISH to healthcheck (d0, q0, r1, m0, '$SYS/broker/shared_subscriptions/count', ... (1 bytes))
1763825841: Sending PUBLISH to healthcheck (d0, q0, r1, m0, '$SYS/broker/retained messages/count', ... (2 bytes))
1763825841: Sending PUBLISH to healthcheck (d0, q0, r1, m0, '$SYS/broker/publish/messages/dropped', ... (1 bytes))
1763825841: Sending PUBLISH to healthcheck (d0, q0, r1, m0, '$SYS/broker/publish/messages/received', ... (1 bytes))
1763825841: Sending PUBLISH to healthcheck (d0, q0, r1, m0, '$SYS/broker/publish/messages/sent', ... (3 bytes))
1763825841: Sending PUBLISH to healthcheck (d0, q0, r1, m0, '$SYS/broker/publish/bytes/received', ... (4 bytes))
1763825841: Sending PUBLISH to healthcheck (d0, q0, r1, m0, '$SYS/broker/publish/bytes/sent', ... (4 bytes))
1763825841: Sending PUBLISH to healthcheck (d0, q0, r1, m0, '$SYS/broker/bytes/received', ... (4 bytes))
1763825841: Sending PUBLISH to healthcheck (d0, q0, r1, m0, '$SYS/broker/bytes/sent', ... (5 bytes))
1763825841: Client healthcheck closed its connection.
1763825850: Received PINGREQ from Subscriber
1763825850: Sending PINGRESP to Subscriber
1763825880: New connection from 172.18.0.1:53278 on port 1883.
1763825880: New client connected from 172.18.0.1:53278 as Publisher (p2, c1, k60).
1763825880: No will message specified.
1763825880: Sending CONNACK to Publisher (0, 0)
1763825880: Received PUBLISH from Publisher (d0, q0, r0, m0, 'spBv1.0/UCL-SEE-A/NBIRTH/TLab', ... (2052 bytes))
1763825880: Sending PUBLISH to Subscriber (d0, q0, r0, m0, 'spBv1.0/UCL-SEE-A/NBIRTH/TLab', ... (2052 bytes))
1763825880: Received PUBLISH from Publisher (d0, q0, r0, m0, 'spBv1.0/UCL-SEE-A/DDATA/TLab/VentSensor1', ... (401 bytes))
1763825880: Sending PUBLISH to Subscriber (d0, q0, r0, m0, 'spBv1.0/UCL-SEE-A/DDATA/TLab/VentSensor1', ... (401 bytes))
1763825880: Received PUBLISH from Publisher (d0, q0, r0, m0, 'spBv1.0/UCL-SEE-A/NDEATH/TLab', ... (45 bytes))
1763825880: Sending PUBLISH to Subscriber (d0, q0, r0, m0, 'spBv1.0/UCL-SEE-A/NDEATH/TLab', ... (45 bytes))
1763825880: Received DISCONNECT from Publisher
1763825880: Client Publisher disconnected.
1763825901: New connection from 127.0.0.1:41656 on port 1883.
1763825901: New client connected from 127.0.0.1:41656 as healthcheck (p2, c1, k60).
1763825901: No will message specified.
1763825901: Sending CONNACK to healthcheck (0, 0)
1763825901: Received SUBSCRIBE from healthcheck
1763825901: 	$SYS/# (QoS 0)
1763825901: healthcheck 0 $SYS/#
1763825901: Sending SUBACK to healthcheck
1763825901: Sending PUBLISH to healthcheck (d0, q0, r1, m0, '$SYS/broker/version', ... (24 bytes))
1763825901: Sending PUBLISH to healthcheck (d0, q0, r1, m0, '$SYS/broker/uptime', ... (11 bytes))
1763825901: Sending PUBLISH to healthcheck (d0, q0, r1, m0, '$SYS/broker/clients/total', ... (1 bytes))
1763825901: Sending PUBLISH to healthcheck (d0, q0, r1, m0, '$SYS/broker/clients/inactive', ... (1 bytes))
1763825901: Sending PUBLISH to healthcheck (d0, q0, r1, m0, '$SYS/broker/clients/disconnected', ... (1 bytes))
1763825901: Sending PUBLISH to healthcheck (d0, q0, r1, m0, '$SYS/broker/clients/active', ... (1 bytes))
1763825901: Sending PUBLISH to healthcheck (d0, q0, r1, m0, '$SYS/broker/clients/connected', ... (1 bytes))
1763825901: Sending PUBLISH to healthcheck (d0, q0, r1, m0, '$SYS/broker/clients/expired', ... (1 bytes))
1763825901: Sending PUBLISH to healthcheck (d0, q0, r1, m0, '$SYS/broker/clients/maximum', ... (1 bytes))
1763825901: Sending PUBLISH to healthcheck (d0, q0, r1, m0, '$SYS/broker/load/messages/received/1min', ... (4 bytes))
1763825901: Sending PUBLISH to healthcheck (d0, q0, r1, m0, '$SYS/broker/load/messages/received/5min', ... (4 bytes))
1763825901: Sending PUBLISH to healthcheck (d0, q0, r1, m0, '$SYS/broker/load/messages/received/15min', ... (4 bytes))
1763825901: Sending PUBLISH to healthcheck (d0, q0, r1, m0, '$SYS/broker/load/messages/sent/1min', ... (5 bytes))
1763825901: Sending PUBLISH to healthcheck (d0, q0, r1, m0, '$SYS/broker/load/messages/sent/5min', ... (5 bytes))
1763825901: Sending PUBLISH to healthcheck (d0, q0, r1, m0, '$SYS/broker/load/messages/sent/15min', ... (5 bytes))
1763825901: Sending PUBLISH to healthcheck (d0, q0, r1, m0, '$SYS/broker/load/publish/dropped/1min', ... (4 bytes))
1763825901: Sending PUBLISH to healthcheck (d0, q0, r1, m0, '$SYS/broker/load/publish/dropped/5min', ... (4 bytes))
1763825901: Sending PUBLISH to healthcheck (d0, q0, r1, m0, '$SYS/broker/load/publish/dropped/15min', ... (4 bytes))
1763825901: Sending PUBLISH to healthcheck (d0, q0, r1, m0, '$SYS/broker/load/publish/received/1min', ... (4 bytes))
1763825901: Sending PUBLISH to healthcheck (d0, q0, r1, m0, '$SYS/broker/load/publish/received/5min', ... (4 bytes))
1763825901: Sending PUBLISH to healthcheck (d0, q0, r1, m0, '$SYS/broker/load/publish/received/15min', ... (4 bytes))
1763825901: Sending PUBLISH to healthcheck (d0, q0, r1, m0, '$SYS/broker/load/publish/sent/1min', ... (5 bytes))
1763825901: Sending PUBLISH to healthcheck (d0, q0, r1, m0, '$SYS/broker/load/publish/sent/5min', ... (5 bytes))
1763825901: Sending PUBLISH to healthcheck (d0, q0, r1, m0, '$SYS/broker/load/publish/sent/15min', ... (5 bytes))
1763825901: Sending PUBLISH to healthcheck (d0, q0, r1, m0, '$SYS/broker/load/bytes/received/1min', ... (7 bytes))
1763825901: Sending PUBLISH to healthcheck (d0, q0, r1, m0, '$SYS/broker/load/bytes/received/5min', ... (6 bytes))
1763825901: Sending PUBLISH to healthcheck (d0, q0, r1, m0, '$SYS/broker/load/bytes/received/15min', ... (6 bytes))
1763825901: Sending PUBLISH to healthcheck (d0, q0, r1, m0, '$SYS/broker/load/bytes/sent/1min', ... (7 bytes))
1763825901: Sending PUBLISH to healthcheck (d0, q0, r1, m0, '$SYS/broker/load/bytes/sent/5min', ... (7 bytes))
1763825901: Sending PUBLISH to healthcheck (d0, q0, r1, m0, '$SYS/broker/load/bytes/sent/15min', ... (6 bytes))
1763825901: Sending PUBLISH to healthcheck (d0, q0, r1, m0, '$SYS/broker/load/sockets/1min', ... (4 bytes))
1763825901: Sending PUBLISH to healthcheck (d0, q0, r1, m0, '$SYS/broker/load/sockets/5min', ... (4 bytes))
1763825901: Sending PUBLISH to healthcheck (d0, q0, r1, m0, '$SYS/broker/load/sockets/15min', ... (4 bytes))
1763825901: Sending PUBLISH to healthcheck (d0, q0, r1, m0, '$SYS/broker/load/connections/1min', ... (4 bytes))
1763825901: Sending PUBLISH to healthcheck (d0, q0, r1, m0, '$SYS/broker/load/connections/5min', ... (4 bytes))
1763825901: Sending PUBLISH to healthcheck (d0, q0, r1, m0, '$SYS/broker/load/connections/15min', ... (4 bytes))
1763825901: Sending PUBLISH to healthcheck (d0, q0, r1, m0, '$SYS/broker/messages/stored', ... (2 bytes))
1763825901: Sending PUBLISH to healthcheck (d0, q0, r1, m0, '$SYS/broker/messages/received', ... (2 bytes))
1763825901: Sending PUBLISH to healthcheck (d0, q0, r1, m0, '$SYS/broker/messages/sent', ... (3 bytes))
1763825901: Sending PUBLISH to healthcheck (d0, q0, r1, m0, '$SYS/broker/store/messages/count', ... (2 bytes))
1763825901: Sending PUBLISH to healthcheck (d0, q0, r1, m0, '$SYS/broker/store/messages/bytes', ... (3 bytes))
1763825901: Sending PUBLISH to healthcheck (d0, q0, r1, m0, '$SYS/broker/subscriptions/count', ... (1 bytes))
1763825901: Sending PUBLISH to healthcheck (d0, q0, r1, m0, '$SYS/broker/shared_subscriptions/count', ... (1 bytes))
1763825901: Sending PUBLISH to healthcheck (d0, q0, r1, m0, '$SYS/broker/retained messages/count', ... (2 bytes))
1763825901: Sending PUBLISH to healthcheck (d0, q0, r1, m0, '$SYS/broker/publish/messages/dropped', ... (1 bytes))
1763825901: Sending PUBLISH to healthcheck (d0, q0, r1, m0, '$SYS/broker/publish/messages/received', ... (1 bytes))
1763825901: Sending PUBLISH to healthcheck (d0, q0, r1, m0, '$SYS/broker/publish/messages/sent', ... (3 bytes))
1763825901: Sending PUBLISH to healthcheck (d0, q0, r1, m0, '$SYS/broker/publish/bytes/received', ... (4 bytes))
1763825901: Sending PUBLISH to healthcheck (d0, q0, r1, m0, '$SYS/broker/publish/bytes/sent', ... (4 bytes))
1763825901: Sending PUBLISH to healthcheck (d0, q0, r1, m0, '$SYS/broker/bytes/received', ... (4 bytes))
1763825901: Sending PUBLISH to healthcheck (d0, q0, r1, m0, '$SYS/broker/bytes/sent', ... (5 bytes))
1763825902: Client healthcheck closed its connection.
1763825910: Received PINGREQ from Subscriber
1763825910: Sending PINGRESP to Subscriber
1763825962: New connection from 127.0.0.1:50544 on port 1883.
1763825962: New client connected from 127.0.0.1:50544 as healthcheck (p2, c1, k60).
1763825962: No will message specified.
1763825962: Sending CONNACK to healthcheck (0, 0)
1763825962: Received SUBSCRIBE from healthcheck
1763825962: 	$SYS/# (QoS 0)
1763825962: healthcheck 0 $SYS/#
1763825962: Sending SUBACK to healthcheck
1763825962: Sending PUBLISH to healthcheck (d0, q0, r1, m0, '$SYS/broker/version', ... (24 bytes))
1763825962: Sending PUBLISH to healthcheck (d0, q0, r1, m0, '$SYS/broker/uptime', ... (11 bytes))
1763825962: Sending PUBLISH to healthcheck (d0, q0, r1, m0, '$SYS/broker/clients/total', ... (1 bytes))
1763825962: Sending PUBLISH to healthcheck (d0, q0, r1, m0, '$SYS/broker/clients/inactive', ... (1 bytes))
1763825962: Sending PUBLISH to healthcheck (d0, q0, r1, m0, '$SYS/broker/clients/disconnected', ... (1 bytes))
1763825962: Sending PUBLISH to healthcheck (d0, q0, r1, m0, '$SYS/broker/clients/active', ... (1 bytes))
1763825962: Sending PUBLISH to healthcheck (d0, q0, r1, m0, '$SYS/broker/clients/connected', ... (1 bytes))
1763825962: Sending PUBLISH to healthcheck (d0, q0, r1, m0, '$SYS/broker/clients/expired', ... (1 bytes))
1763825962: Sending PUBLISH to healthcheck (d0, q0, r1, m0, '$SYS/broker/clients/maximum', ... (1 bytes))
1763825962: Sending PUBLISH to healthcheck (d0, q0, r1, m0, '$SYS/broker/load/messages/received/1min', ... (4 bytes))
1763825962: Sending PUBLISH to healthcheck (d0, q0, r1, m0, '$SYS/broker/load/messages/received/5min', ... (4 bytes))
1763825962: Sending PUBLISH to healthcheck (d0, q0, r1, m0, '$SYS/broker/load/messages/received/15min', ... (4 bytes))
1763825962: Sending PUBLISH to healthcheck (d0, q0, r1, m0, '$SYS/broker/load/messages/sent/1min', ... (5 bytes))
1763825962: Sending PUBLISH to healthcheck (d0, q0, r1, m0, '$SYS/broker/load/messages/sent/5min', ... (5 bytes))
1763825962: Sending PUBLISH to healthcheck (d0, q0, r1, m0, '$SYS/broker/load/messages/sent/15min', ... (5 bytes))
1763825962: Sending PUBLISH to healthcheck (d0, q0, r1, m0, '$SYS/broker/load/publish/dropped/1min', ... (4 bytes))
1763825962: Sending PUBLISH to healthcheck (d0, q0, r1, m0, '$SYS/broker/load/publish/dropped/5min', ... (4 bytes))
1763825962: Sending PUBLISH to healthcheck (d0, q0, r1, m0, '$SYS/broker/load/publish/dropped/15min', ... (4 bytes))
1763825962: Sending PUBLISH to healthcheck (d0, q0, r1, m0, '$SYS/broker/load/publish/received/1min', ... (4 bytes))
1763825962: Sending PUBLISH to healthcheck (d0, q0, r1, m0, '$SYS/broker/load/publish/received/5min', ... (4 bytes))
1763825962: Sending PUBLISH to healthcheck (d0, q0, r1, m0, '$SYS/broker/load/publish/received/15min', ... (4 bytes))
1763825962: Sending PUBLISH to healthcheck (d0, q0, r1, m0, '$SYS/broker/load/publish/sent/1min', ... (5 bytes))
1763825962: Sending PUBLISH to healthcheck (d0, q0, r1, m0, '$SYS/broker/load/publish/sent/5min', ... (5 bytes))
1763825962: Sending PUBLISH to healthcheck (d0, q0, r1, m0, '$SYS/broker/load/publish/sent/15min', ... (5 bytes))
1763825962: Sending PUBLISH to healthcheck (d0, q0, r1, m0, '$SYS/broker/load/bytes/received/1min', ... (6 bytes))
1763825962: Sending PUBLISH to healthcheck (d0, q0, r1, m0, '$SYS/broker/load/bytes/received/5min', ... (6 bytes))
1763825962: Sending PUBLISH to healthcheck (d0, q0, r1, m0, '$SYS/broker/load/bytes/received/15min', ... (6 bytes))
1763825962: Sending PUBLISH to healthcheck (d0, q0, r1, m0, '$SYS/broker/load/bytes/sent/1min', ... (7 bytes))
1763825962: Sending PUBLISH to healthcheck (d0, q0, r1, m0, '$SYS/broker/load/bytes/sent/5min', ... (7 bytes))
1763825962: Sending PUBLISH to healthcheck (d0, q0, r1, m0, '$SYS/broker/load/bytes/sent/15min', ... (6 bytes))
1763825962: Sending PUBLISH to healthcheck (d0, q0, r1, m0, '$SYS/broker/load/sockets/1min', ... (4 bytes))
1763825962: Sending PUBLISH to healthcheck (d0, q0, r1, m0, '$SYS/broker/load/sockets/5min', ... (4 bytes))
1763825962: Sending PUBLISH to healthcheck (d0, q0, r1, m0, '$SYS/broker/load/sockets/15min', ... (4 bytes))
1763825962: Sending PUBLISH to healthcheck (d0, q0, r1, m0, '$SYS/broker/load/connections/1min', ... (4 bytes))
1763825962: Sending PUBLISH to healthcheck (d0, q0, r1, m0, '$SYS/broker/load/connections/5min', ... (4 bytes))
1763825962: Sending PUBLISH to healthcheck (d0, q0, r1, m0, '$SYS/broker/load/connections/15min', ... (4 bytes))
1763825962: Sending PUBLISH to healthcheck (d0, q0, r1, m0, '$SYS/broker/messages/stored', ... (2 bytes))
1763825962: Sending PUBLISH to healthcheck (d0, q0, r1, m0, '$SYS/broker/messages/received', ... (2 bytes))
1763825962: Sending PUBLISH to healthcheck (d0, q0, r1, m0, '$SYS/broker/messages/sent', ... (3 bytes))
1763825962: Sending PUBLISH to healthcheck (d0, q0, r1, m0, '$SYS/broker/store/messages/count', ... (2 bytes))
1763825962: Sending PUBLISH to healthcheck (d0, q0, r1, m0, '$SYS/broker/store/messages/bytes', ... (3 bytes))
1763825962: Sending PUBLISH to healthcheck (d0, q0, r1, m0, '$SYS/broker/subscriptions/count', ... (1 bytes))
1763825962: Sending PUBLISH to healthcheck (d0, q0, r1, m0, '$SYS/broker/shared_subscriptions/count', ... (1 bytes))
1763825962: Sending PUBLISH to healthcheck (d0, q0, r1, m0, '$SYS/broker/retained messages/count', ... (2 bytes))
1763825962: Sending PUBLISH to healthcheck (d0, q0, r1, m0, '$SYS/broker/publish/messages/dropped', ... (1 bytes))
1763825962: Sending PUBLISH to healthcheck (d0, q0, r1, m0, '$SYS/broker/publish/messages/received', ... (1 bytes))
1763825962: Sending PUBLISH to healthcheck (d0, q0, r1, m0, '$SYS/broker/publish/messages/sent', ... (3 bytes))
1763825962: Sending PUBLISH to healthcheck (d0, q0, r1, m0, '$SYS/broker/publish/bytes/received', ... (4 bytes))
1763825962: Sending PUBLISH to healthcheck (d0, q0, r1, m0, '$SYS/broker/publish/bytes/sent', ... (4 bytes))
1763825962: Sending PUBLISH to healthcheck (d0, q0, r1, m0, '$SYS/broker/bytes/received', ... (4 bytes))
1763825962: Sending PUBLISH to healthcheck (d0, q0, r1, m0, '$SYS/broker/bytes/sent', ... (5 bytes))
1763825962: Client healthcheck closed its connection.
1763825971: Received PINGREQ from Subscriber
1763825971: Sending PINGRESP to Subscriber
1763826022: New connection from 127.0.0.1:56412 on port 1883.
1763826022: New client connected from 127.0.0.1:56412 as healthcheck (p2, c1, k60).
1763826022: No will message specified.
1763826022: Sending CONNACK to healthcheck (0, 0)
1763826022: Received SUBSCRIBE from healthcheck
1763826022: 	$SYS/# (QoS 0)
1763826022: healthcheck 0 $SYS/#
1763826022: Sending SUBACK to healthcheck
1763826022: Sending PUBLISH to healthcheck (d0, q0, r1, m0, '$SYS/broker/version', ... (24 bytes))
1763826022: Sending PUBLISH to healthcheck (d0, q0, r1, m0, '$SYS/broker/uptime', ... (11 bytes))
1763826022: Sending PUBLISH to healthcheck (d0, q0, r1, m0, '$SYS/broker/clients/total', ... (1 bytes))
1763826022: Sending PUBLISH to healthcheck (d0, q0, r1, m0, '$SYS/broker/clients/inactive', ... (1 bytes))
1763826022: Sending PUBLISH to healthcheck (d0, q0, r1, m0, '$SYS/broker/clients/disconnected', ... (1 bytes))
1763826022: Sending PUBLISH to healthcheck (d0, q0, r1, m0, '$SYS/broker/clients/active', ... (1 bytes))
1763826022: Sending PUBLISH to healthcheck (d0, q0, r1, m0, '$SYS/broker/clients/connected', ... (1 bytes))
1763826022: Sending PUBLISH to healthcheck (d0, q0, r1, m0, '$SYS/broker/clients/expired', ... (1 bytes))
1763826022: Sending PUBLISH to healthcheck (d0, q0, r1, m0, '$SYS/broker/clients/maximum', ... (1 bytes))
1763826022: Sending PUBLISH to healthcheck (d0, q0, r1, m0, '$SYS/broker/load/messages/received/1min', ... (4 bytes))
1763826022: Sending PUBLISH to healthcheck (d0, q0, r1, m0, '$SYS/broker/load/messages/received/5min', ... (4 bytes))
1763826022: Sending PUBLISH to healthcheck (d0, q0, r1, m0, '$SYS/broker/load/messages/received/15min', ... (4 bytes))
1763826022: Sending PUBLISH to healthcheck (d0, q0, r1, m0, '$SYS/broker/load/messages/sent/1min', ... (5 bytes))
1763826022: Sending PUBLISH to healthcheck (d0, q0, r1, m0, '$SYS/broker/load/messages/sent/5min', ... (5 bytes))
1763826022: Sending PUBLISH to healthcheck (d0, q0, r1, m0, '$SYS/broker/load/messages/sent/15min', ... (5 bytes))
1763826022: Sending PUBLISH to healthcheck (d0, q0, r1, m0, '$SYS/broker/load/publish/dropped/1min', ... (4 bytes))
1763826022: Sending PUBLISH to healthcheck (d0, q0, r1, m0, '$SYS/broker/load/publish/dropped/5min', ... (4 bytes))
1763826022: Sending PUBLISH to healthcheck (d0, q0, r1, m0, '$SYS/broker/load/publish/dropped/15min', ... (4 bytes))
1763826022: Sending PUBLISH to healthcheck (d0, q0, r1, m0, '$SYS/broker/load/publish/received/1min', ... (4 bytes))
1763826022: Sending PUBLISH to healthcheck (d0, q0, r1, m0, '$SYS/broker/load/publish/received/5min', ... (4 bytes))
1763826022: Sending PUBLISH to healthcheck (d0, q0, r1, m0, '$SYS/broker/load/publish/received/15min', ... (4 bytes))
1763826022: Sending PUBLISH to healthcheck (d0, q0, r1, m0, '$SYS/broker/load/publish/sent/1min', ... (5 bytes))
1763826022: Sending PUBLISH to healthcheck (d0, q0, r1, m0, '$SYS/broker/load/publish/sent/5min', ... (5 bytes))
1763826022: Sending PUBLISH to healthcheck (d0, q0, r1, m0, '$SYS/broker/load/publish/sent/15min', ... (5 bytes))
1763826022: Sending PUBLISH to healthcheck (d0, q0, r1, m0, '$SYS/broker/load/bytes/received/1min', ... (6 bytes))
1763826022: Sending PUBLISH to healthcheck (d0, q0, r1, m0, '$SYS/broker/load/bytes/received/5min', ... (6 bytes))
1763826022: Sending PUBLISH to healthcheck (d0, q0, r1, m0, '$SYS/broker/load/bytes/received/15min', ... (6 bytes))
1763826022: Sending PUBLISH to healthcheck (d0, q0, r1, m0, '$SYS/broker/load/bytes/sent/1min', ... (7 bytes))
1763826022: Sending PUBLISH to healthcheck (d0, q0, r1, m0, '$SYS/broker/load/bytes/sent/5min', ... (7 bytes))
1763826022: Sending PUBLISH to healthcheck (d0, q0, r1, m0, '$SYS/broker/load/bytes/sent/15min', ... (7 bytes))
1763826022: Sending PUBLISH to healthcheck (d0, q0, r1, m0, '$SYS/broker/load/sockets/1min', ... (4 bytes))
1763826022: Sending PUBLISH to healthcheck (d0, q0, r1, m0, '$SYS/broker/load/sockets/5min', ... (4 bytes))
1763826022: Sending PUBLISH to healthcheck (d0, q0, r1, m0, '$SYS/broker/load/sockets/15min', ... (4 bytes))
1763826022: Sending PUBLISH to healthcheck (d0, q0, r1, m0, '$SYS/broker/load/connections/1min', ... (4 bytes))
1763826022: Sending PUBLISH to healthcheck (d0, q0, r1, m0, '$SYS/broker/load/connections/5min', ... (4 bytes))
1763826022: Sending PUBLISH to healthcheck (d0, q0, r1, m0, '$SYS/broker/load/connections/15min', ... (4 bytes))
1763826022: Sending PUBLISH to healthcheck (d0, q0, r1, m0, '$SYS/broker/messages/stored', ... (2 bytes))
1763826022: Sending PUBLISH to healthcheck (d0, q0, r1, m0, '$SYS/broker/messages/received', ... (2 bytes))
1763826022: Sending PUBLISH to healthcheck (d0, q0, r1, m0, '$SYS/broker/messages/sent', ... (3 bytes))
1763826022: Sending PUBLISH to healthcheck (d0, q0, r1, m0, '$SYS/broker/store/messages/count', ... (2 bytes))
1763826022: Sending PUBLISH to healthcheck (d0, q0, r1, m0, '$SYS/broker/store/messages/bytes', ... (3 bytes))
1763826022: Sending PUBLISH to healthcheck (d0, q0, r1, m0, '$SYS/broker/subscriptions/count', ... (1 bytes))
1763826022: Sending PUBLISH to healthcheck (d0, q0, r1, m0, '$SYS/broker/shared_subscriptions/count', ... (1 bytes))
1763826022: Sending PUBLISH to healthcheck (d0, q0, r1, m0, '$SYS/broker/retained messages/count', ... (2 bytes))
1763826022: Sending PUBLISH to healthcheck (d0, q0, r1, m0, '$SYS/broker/publish/messages/dropped', ... (1 bytes))
1763826022: Sending PUBLISH to healthcheck (d0, q0, r1, m0, '$SYS/broker/publish/messages/received', ... (1 bytes))
1763826022: Sending PUBLISH to healthcheck (d0, q0, r1, m0, '$SYS/broker/publish/messages/sent', ... (3 bytes))
1763826022: Sending PUBLISH to healthcheck (d0, q0, r1, m0, '$SYS/broker/publish/bytes/received', ... (4 bytes))
1763826022: Sending PUBLISH to healthcheck (d0, q0, r1, m0, '$SYS/broker/publish/bytes/sent', ... (4 bytes))
1763826022: Sending PUBLISH to healthcheck (d0, q0, r1, m0, '$SYS/broker/bytes/received', ... (4 bytes))
1763826022: Sending PUBLISH to healthcheck (d0, q0, r1, m0, '$SYS/broker/bytes/sent', ... (5 bytes))
1763826022: Client healthcheck closed its connection.
1763826031: Received PINGREQ from Subscriber
1763826031: Sending PINGRESP to Subscriber
1763826082: New connection from 127.0.0.1:56376 on port 1883.
1763826082: New client connected from 127.0.0.1:56376 as healthcheck (p2, c1, k60).
1763826082: No will message specified.
1763826082: Sending CONNACK to healthcheck (0, 0)
1763826082: Received SUBSCRIBE from healthcheck
1763826082: 	$SYS/# (QoS 0)
1763826082: healthcheck 0 $SYS/#
1763826082: Sending SUBACK to healthcheck
1763826082: Sending PUBLISH to healthcheck (d0, q0, r1, m0, '$SYS/broker/version', ... (24 bytes))
1763826082: Sending PUBLISH to healthcheck (d0, q0, r1, m0, '$SYS/broker/uptime', ... (11 bytes))
1763826082: Sending PUBLISH to healthcheck (d0, q0, r1, m0, '$SYS/broker/clients/total', ... (1 bytes))
1763826082: Sending PUBLISH to healthcheck (d0, q0, r1, m0, '$SYS/broker/clients/inactive', ... (1 bytes))
1763826082: Sending PUBLISH to healthcheck (d0, q0, r1, m0, '$SYS/broker/clients/disconnected', ... (1 bytes))
1763826082: Sending PUBLISH to healthcheck (d0, q0, r1, m0, '$SYS/broker/clients/active', ... (1 bytes))
1763826082: Sending PUBLISH to healthcheck (d0, q0, r1, m0, '$SYS/broker/clients/connected', ... (1 bytes))
1763826082: Sending PUBLISH to healthcheck (d0, q0, r1, m0, '$SYS/broker/clients/expired', ... (1 bytes))
1763826082: Sending PUBLISH to healthcheck (d0, q0, r1, m0, '$SYS/broker/clients/maximum', ... (1 bytes))
1763826082: Sending PUBLISH to healthcheck (d0, q0, r1, m0, '$SYS/broker/load/messages/received/1min', ... (4 bytes))
1763826082: Sending PUBLISH to healthcheck (d0, q0, r1, m0, '$SYS/broker/load/messages/received/5min', ... (4 bytes))
1763826082: Sending PUBLISH to healthcheck (d0, q0, r1, m0, '$SYS/broker/load/messages/received/15min', ... (4 bytes))
1763826082: Sending PUBLISH to healthcheck (d0, q0, r1, m0, '$SYS/broker/load/messages/sent/1min', ... (5 bytes))
1763826082: Sending PUBLISH to healthcheck (d0, q0, r1, m0, '$SYS/broker/load/messages/sent/5min', ... (5 bytes))
1763826082: Sending PUBLISH to healthcheck (d0, q0, r1, m0, '$SYS/broker/load/messages/sent/15min', ... (5 bytes))
1763826082: Sending PUBLISH to healthcheck (d0, q0, r1, m0, '$SYS/broker/load/publish/dropped/1min', ... (4 bytes))
1763826082: Sending PUBLISH to healthcheck (d0, q0, r1, m0, '$SYS/broker/load/publish/dropped/5min', ... (4 bytes))
1763826082: Sending PUBLISH to healthcheck (d0, q0, r1, m0, '$SYS/broker/load/publish/dropped/15min', ... (4 bytes))
1763826082: Sending PUBLISH to healthcheck (d0, q0, r1, m0, '$SYS/broker/load/publish/received/1min', ... (4 bytes))
1763826082: Sending PUBLISH to healthcheck (d0, q0, r1, m0, '$SYS/broker/load/publish/received/5min', ... (4 bytes))
1763826082: Sending PUBLISH to healthcheck (d0, q0, r1, m0, '$SYS/broker/load/publish/received/15min', ... (4 bytes))
1763826082: Sending PUBLISH to healthcheck (d0, q0, r1, m0, '$SYS/broker/load/publish/sent/1min', ... (5 bytes))
1763826082: Sending PUBLISH to healthcheck (d0, q0, r1, m0, '$SYS/broker/load/publish/sent/5min', ... (5 bytes))
1763826082: Sending PUBLISH to healthcheck (d0, q0, r1, m0, '$SYS/broker/load/publish/sent/15min', ... (5 bytes))
1763826082: Sending PUBLISH to healthcheck (d0, q0, r1, m0, '$SYS/broker/load/bytes/received/1min', ... (6 bytes))
1763826082: Sending PUBLISH to healthcheck (d0, q0, r1, m0, '$SYS/broker/load/bytes/received/5min', ... (6 bytes))
1763826082: Sending PUBLISH to healthcheck (d0, q0, r1, m0, '$SYS/broker/load/bytes/received/15min', ... (6 bytes))
1763826082: Sending PUBLISH to healthcheck (d0, q0, r1, m0, '$SYS/broker/load/bytes/sent/1min', ... (7 bytes))
1763826082: Sending PUBLISH to healthcheck (d0, q0, r1, m0, '$SYS/broker/load/bytes/sent/5min', ... (7 bytes))
1763826082: Sending PUBLISH to healthcheck (d0, q0, r1, m0, '$SYS/broker/load/bytes/sent/15min', ... (7 bytes))
1763826082: Sending PUBLISH to healthcheck (d0, q0, r1, m0, '$SYS/broker/load/sockets/1min', ... (4 bytes))
1763826082: Sending PUBLISH to healthcheck (d0, q0, r1, m0, '$SYS/broker/load/sockets/5min', ... (4 bytes))
1763826082: Sending PUBLISH to healthcheck (d0, q0, r1, m0, '$SYS/broker/load/sockets/15min', ... (4 bytes))
1763826082: Sending PUBLISH to healthcheck (d0, q0, r1, m0, '$SYS/broker/load/connections/1min', ... (4 bytes))
1763826082: Sending PUBLISH to healthcheck (d0, q0, r1, m0, '$SYS/broker/load/connections/5min', ... (4 bytes))
1763826082: Sending PUBLISH to healthcheck (d0, q0, r1, m0, '$SYS/broker/load/connections/15min', ... (4 bytes))
1763826082: Sending PUBLISH to healthcheck (d0, q0, r1, m0, '$SYS/broker/messages/stored', ... (2 bytes))
1763826082: Sending PUBLISH to healthcheck (d0, q0, r1, m0, '$SYS/broker/messages/received', ... (2 bytes))
1763826082: Sending PUBLISH to healthcheck (d0, q0, r1, m0, '$SYS/broker/messages/sent', ... (3 bytes))
1763826082: Sending PUBLISH to healthcheck (d0, q0, r1, m0, '$SYS/broker/store/messages/count', ... (2 bytes))
1763826082: Sending PUBLISH to healthcheck (d0, q0, r1, m0, '$SYS/broker/store/messages/bytes', ... (3 bytes))
1763826082: Sending PUBLISH to healthcheck (d0, q0, r1, m0, '$SYS/broker/subscriptions/count', ... (1 bytes))
1763826082: Sending PUBLISH to healthcheck (d0, q0, r1, m0, '$SYS/broker/shared_subscriptions/count', ... (1 bytes))
1763826082: Sending PUBLISH to healthcheck (d0, q0, r1, m0, '$SYS/broker/retained messages/count', ... (2 bytes))
1763826082: Sending PUBLISH to healthcheck (d0, q0, r1, m0, '$SYS/broker/publish/messages/dropped', ... (1 bytes))
1763826082: Sending PUBLISH to healthcheck (d0, q0, r1, m0, '$SYS/broker/publish/messages/received', ... (1 bytes))
1763826082: Sending PUBLISH to healthcheck (d0, q0, r1, m0, '$SYS/broker/publish/messages/sent', ... (3 bytes))
1763826082: Sending PUBLISH to healthcheck (d0, q0, r1, m0, '$SYS/broker/publish/bytes/received', ... (4 bytes))
1763826082: Sending PUBLISH to healthcheck (d0, q0, r1, m0, '$SYS/broker/publish/bytes/sent', ... (4 bytes))
1763826082: Sending PUBLISH to healthcheck (d0, q0, r1, m0, '$SYS/broker/bytes/received', ... (4 bytes))
1763826082: Sending PUBLISH to healthcheck (d0, q0, r1, m0, '$SYS/broker/bytes/sent', ... (5 bytes))
1763826082: Client healthcheck closed its connection.
1763826092: Received PINGREQ from Subscriber
1763826092: Sending PINGRESP to Subscriber
1763826142: New connection from 127.0.0.1:56912 on port 1883.
1763826142: New client connected from 127.0.0.1:56912 as healthcheck (p2, c1, k60).
1763826142: No will message specified.
1763826142: Sending CONNACK to healthcheck (0, 0)
1763826142: Received SUBSCRIBE from healthcheck
1763826142: 	$SYS/# (QoS 0)
1763826142: healthcheck 0 $SYS/#
1763826142: Sending SUBACK to healthcheck
1763826142: Sending PUBLISH to healthcheck (d0, q0, r1, m0, '$SYS/broker/version', ... (24 bytes))
1763826142: Sending PUBLISH to healthcheck (d0, q0, r1, m0, '$SYS/broker/uptime', ... (11 bytes))
1763826142: Sending PUBLISH to healthcheck (d0, q0, r1, m0, '$SYS/broker/clients/total', ... (1 bytes))
1763826142: Sending PUBLISH to healthcheck (d0, q0, r1, m0, '$SYS/broker/clients/inactive', ... (1 bytes))
1763826142: Sending PUBLISH to healthcheck (d0, q0, r1, m0, '$SYS/broker/clients/disconnected', ... (1 bytes))
1763826142: Sending PUBLISH to healthcheck (d0, q0, r1, m0, '$SYS/broker/clients/active', ... (1 bytes))
1763826142: Sending PUBLISH to healthcheck (d0, q0, r1, m0, '$SYS/broker/clients/connected', ... (1 bytes))
1763826142: Sending PUBLISH to healthcheck (d0, q0, r1, m0, '$SYS/broker/clients/expired', ... (1 bytes))
1763826142: Sending PUBLISH to healthcheck (d0, q0, r1, m0, '$SYS/broker/clients/maximum', ... (1 bytes))
1763826142: Sending PUBLISH to healthcheck (d0, q0, r1, m0, '$SYS/broker/load/messages/received/1min', ... (4 bytes))
1763826142: Sending PUBLISH to healthcheck (d0, q0, r1, m0, '$SYS/broker/load/messages/received/5min', ... (4 bytes))
1763826142: Sending PUBLISH to healthcheck (d0, q0, r1, m0, '$SYS/broker/load/messages/received/15min', ... (4 bytes))
1763826142: Sending PUBLISH to healthcheck (d0, q0, r1, m0, '$SYS/broker/load/messages/sent/1min', ... (5 bytes))
1763826142: Sending PUBLISH to healthcheck (d0, q0, r1, m0, '$SYS/broker/load/messages/sent/5min', ... (5 bytes))
1763826142: Sending PUBLISH to healthcheck (d0, q0, r1, m0, '$SYS/broker/load/messages/sent/15min', ... (5 bytes))
1763826142: Sending PUBLISH to healthcheck (d0, q0, r1, m0, '$SYS/broker/load/publish/dropped/1min', ... (4 bytes))
1763826142: Sending PUBLISH to healthcheck (d0, q0, r1, m0, '$SYS/broker/load/publish/dropped/5min', ... (4 bytes))
1763826142: Sending PUBLISH to healthcheck (d0, q0, r1, m0, '$SYS/broker/load/publish/dropped/15min', ... (4 bytes))
1763826142: Sending PUBLISH to healthcheck (d0, q0, r1, m0, '$SYS/broker/load/publish/received/1min', ... (4 bytes))
1763826142: Sending PUBLISH to healthcheck (d0, q0, r1, m0, '$SYS/broker/load/publish/received/5min', ... (4 bytes))
1763826142: Sending PUBLISH to healthcheck (d0, q0, r1, m0, '$SYS/broker/load/publish/received/15min', ... (4 bytes))
1763826142: Sending PUBLISH to healthcheck (d0, q0, r1, m0, '$SYS/broker/load/publish/sent/1min', ... (5 bytes))
1763826142: Sending PUBLISH to healthcheck (d0, q0, r1, m0, '$SYS/broker/load/publish/sent/5min', ... (5 bytes))
1763826142: Sending PUBLISH to healthcheck (d0, q0, r1, m0, '$SYS/broker/load/publish/sent/15min', ... (5 bytes))
1763826142: Sending PUBLISH to healthcheck (d0, q0, r1, m0, '$SYS/broker/load/bytes/received/1min', ... (5 bytes))
1763826142: Sending PUBLISH to healthcheck (d0, q0, r1, m0, '$SYS/broker/load/bytes/received/5min', ... (6 bytes))
1763826142: Sending PUBLISH to healthcheck (d0, q0, r1, m0, '$SYS/broker/load/bytes/received/15min', ... (6 bytes))
1763826142: Sending PUBLISH to healthcheck (d0, q0, r1, m0, '$SYS/broker/load/bytes/sent/1min', ... (7 bytes))
1763826142: Sending PUBLISH to healthcheck (d0, q0, r1, m0, '$SYS/broker/load/bytes/sent/5min', ... (7 bytes))
1763826142: Sending PUBLISH to healthcheck (d0, q0, r1, m0, '$SYS/broker/load/bytes/sent/15min', ... (7 bytes))
1763826142: Sending PUBLISH to healthcheck (d0, q0, r1, m0, '$SYS/broker/load/sockets/1min', ... (4 bytes))
1763826142: Sending PUBLISH to healthcheck (d0, q0, r1, m0, '$SYS/broker/load/sockets/5min', ... (4 bytes))
1763826142: Sending PUBLISH to healthcheck (d0, q0, r1, m0, '$SYS/broker/load/sockets/15min', ... (4 bytes))
1763826142: Sending PUBLISH to healthcheck (d0, q0, r1, m0, '$SYS/broker/load/connections/1min', ... (4 bytes))
1763826142: Sending PUBLISH to healthcheck (d0, q0, r1, m0, '$SYS/broker/load/connections/5min', ... (4 bytes))
1763826142: Sending PUBLISH to healthcheck (d0, q0, r1, m0, '$SYS/broker/load/connections/15min', ... (4 bytes))
1763826142: Sending PUBLISH to healthcheck (d0, q0, r1, m0, '$SYS/broker/messages/stored', ... (2 bytes))
1763826142: Sending PUBLISH to healthcheck (d0, q0, r1, m0, '$SYS/broker/messages/received', ... (2 bytes))
1763826142: Sending PUBLISH to healthcheck (d0, q0, r1, m0, '$SYS/broker/messages/sent', ... (3 bytes))
1763826142: Sending PUBLISH to healthcheck (d0, q0, r1, m0, '$SYS/broker/store/messages/count', ... (2 bytes))
1763826142: Sending PUBLISH to healthcheck (d0, q0, r1, m0, '$SYS/broker/store/messages/bytes', ... (3 bytes))
1763826142: Sending PUBLISH to healthcheck (d0, q0, r1, m0, '$SYS/broker/subscriptions/count', ... (1 bytes))
1763826142: Sending PUBLISH to healthcheck (d0, q0, r1, m0, '$SYS/broker/shared_subscriptions/count', ... (1 bytes))
1763826142: Sending PUBLISH to healthcheck (d0, q0, r1, m0, '$SYS/broker/retained messages/count', ... (2 bytes))
1763826142: Sending PUBLISH to healthcheck (d0, q0, r1, m0, '$SYS/broker/publish/messages/dropped', ... (1 bytes))
1763826142: Sending PUBLISH to healthcheck (d0, q0, r1, m0, '$SYS/broker/publish/messages/received', ... (1 bytes))
1763826142: Sending PUBLISH to healthcheck (d0, q0, r1, m0, '$SYS/broker/publish/messages/sent', ... (3 bytes))
1763826142: Sending PUBLISH to healthcheck (d0, q0, r1, m0, '$SYS/broker/publish/bytes/received', ... (4 bytes))
1763826142: Sending PUBLISH to healthcheck (d0, q0, r1, m0, '$SYS/broker/publish/bytes/sent', ... (4 bytes))
1763826142: Sending PUBLISH to healthcheck (d0, q0, r1, m0, '$SYS/broker/bytes/received', ... (4 bytes))
1763826142: Sending PUBLISH to healthcheck (d0, q0, r1, m0, '$SYS/broker/bytes/sent', ... (5 bytes))
1763826142: Client healthcheck closed its connection.
1763826152: Received PINGREQ from Subscriber
1763826152: Sending PINGRESP to Subscriber
1763826202: New connection from 127.0.0.1:57136 on port 1883.
1763826202: New client connected from 127.0.0.1:57136 as healthcheck (p2, c1, k60).
1763826202: No will message specified.
1763826202: Sending CONNACK to healthcheck (0, 0)
1763826202: Received SUBSCRIBE from healthcheck
1763826202: 	$SYS/# (QoS 0)
1763826202: healthcheck 0 $SYS/#
1763826202: Sending SUBACK to healthcheck
1763826202: Sending PUBLISH to healthcheck (d0, q0, r1, m0, '$SYS/broker/version', ... (24 bytes))
1763826202: Sending PUBLISH to healthcheck (d0, q0, r1, m0, '$SYS/broker/uptime', ... (11 bytes))
1763826202: Sending PUBLISH to healthcheck (d0, q0, r1, m0, '$SYS/broker/clients/total', ... (1 bytes))
1763826202: Sending PUBLISH to healthcheck (d0, q0, r1, m0, '$SYS/broker/clients/inactive', ... (1 bytes))
1763826202: Sending PUBLISH to healthcheck (d0, q0, r1, m0, '$SYS/broker/clients/disconnected', ... (1 bytes))
1763826202: Sending PUBLISH to healthcheck (d0, q0, r1, m0, '$SYS/broker/clients/active', ... (1 bytes))
1763826202: Sending PUBLISH to healthcheck (d0, q0, r1, m0, '$SYS/broker/clients/connected', ... (1 bytes))
1763826202: Sending PUBLISH to healthcheck (d0, q0, r1, m0, '$SYS/broker/clients/expired', ... (1 bytes))
1763826202: Sending PUBLISH to healthcheck (d0, q0, r1, m0, '$SYS/broker/clients/maximum', ... (1 bytes))
1763826202: Sending PUBLISH to healthcheck (d0, q0, r1, m0, '$SYS/broker/load/messages/received/1min', ... (4 bytes))
1763826202: Sending PUBLISH to healthcheck (d0, q0, r1, m0, '$SYS/broker/load/messages/received/5min', ... (4 bytes))
1763826202: Sending PUBLISH to healthcheck (d0, q0, r1, m0, '$SYS/broker/load/messages/received/15min', ... (4 bytes))
1763826202: Sending PUBLISH to healthcheck (d0, q0, r1, m0, '$SYS/broker/load/messages/sent/1min', ... (5 bytes))
1763826202: Sending PUBLISH to healthcheck (d0, q0, r1, m0, '$SYS/broker/load/messages/sent/5min', ... (5 bytes))
1763826202: Sending PUBLISH to healthcheck (d0, q0, r1, m0, '$SYS/broker/load/messages/sent/15min', ... (5 bytes))
1763826202: Sending PUBLISH to healthcheck (d0, q0, r1, m0, '$SYS/broker/load/publish/dropped/1min', ... (4 bytes))
1763826202: Sending PUBLISH to healthcheck (d0, q0, r1, m0, '$SYS/broker/load/publish/dropped/5min', ... (4 bytes))
1763826202: Sending PUBLISH to healthcheck (d0, q0, r1, m0, '$SYS/broker/load/publish/dropped/15min', ... (4 bytes))
1763826202: Sending PUBLISH to healthcheck (d0, q0, r1, m0, '$SYS/broker/load/publish/received/1min', ... (4 bytes))
1763826202: Sending PUBLISH to healthcheck (d0, q0, r1, m0, '$SYS/broker/load/publish/received/5min', ... (4 bytes))
1763826202: Sending PUBLISH to healthcheck (d0, q0, r1, m0, '$SYS/broker/load/publish/received/15min', ... (4 bytes))
1763826202: Sending PUBLISH to healthcheck (d0, q0, r1, m0, '$SYS/broker/load/publish/sent/1min', ... (5 bytes))
1763826202: Sending PUBLISH to healthcheck (d0, q0, r1, m0, '$SYS/broker/load/publish/sent/5min', ... (5 bytes))
1763826202: Sending PUBLISH to healthcheck (d0, q0, r1, m0, '$SYS/broker/load/publish/sent/15min', ... (5 bytes))
1763826202: Sending PUBLISH to healthcheck (d0, q0, r1, m0, '$SYS/broker/load/bytes/received/1min', ... (5 bytes))
1763826202: Sending PUBLISH to healthcheck (d0, q0, r1, m0, '$SYS/broker/load/bytes/received/5min', ... (6 bytes))
1763826202: Sending PUBLISH to healthcheck (d0, q0, r1, m0, '$SYS/broker/load/bytes/received/15min', ... (6 bytes))
1763826202: Sending PUBLISH to healthcheck (d0, q0, r1, m0, '$SYS/broker/load/bytes/sent/1min', ... (7 bytes))
1763826202: Sending PUBLISH to healthcheck (d0, q0, r1, m0, '$SYS/broker/load/bytes/sent/5min', ... (7 bytes))
1763826202: Sending PUBLISH to healthcheck (d0, q0, r1, m0, '$SYS/broker/load/bytes/sent/15min', ... (7 bytes))
1763826202: Sending PUBLISH to healthcheck (d0, q0, r1, m0, '$SYS/broker/load/sockets/1min', ... (4 bytes))
1763826202: Sending PUBLISH to healthcheck (d0, q0, r1, m0, '$SYS/broker/load/sockets/5min', ... (4 bytes))
1763826202: Sending PUBLISH to healthcheck (d0, q0, r1, m0, '$SYS/broker/load/sockets/15min', ... (4 bytes))
1763826202: Sending PUBLISH to healthcheck (d0, q0, r1, m0, '$SYS/broker/load/connections/1min', ... (4 bytes))
1763826202: Sending PUBLISH to healthcheck (d0, q0, r1, m0, '$SYS/broker/load/connections/5min', ... (4 bytes))
1763826202: Sending PUBLISH to healthcheck (d0, q0, r1, m0, '$SYS/broker/load/connections/15min', ... (4 bytes))
1763826202: Sending PUBLISH to healthcheck (d0, q0, r1, m0, '$SYS/broker/messages/stored', ... (2 bytes))
1763826202: Sending PUBLISH to healthcheck (d0, q0, r1, m0, '$SYS/broker/messages/received', ... (2 bytes))
1763826202: Sending PUBLISH to healthcheck (d0, q0, r1, m0, '$SYS/broker/messages/sent', ... (3 bytes))
1763826202: Sending PUBLISH to healthcheck (d0, q0, r1, m0, '$SYS/broker/store/messages/count', ... (2 bytes))
1763826202: Sending PUBLISH to healthcheck (d0, q0, r1, m0, '$SYS/broker/store/messages/bytes', ... (3 bytes))
1763826202: Sending PUBLISH to healthcheck (d0, q0, r1, m0, '$SYS/broker/subscriptions/count', ... (1 bytes))
1763826202: Sending PUBLISH to healthcheck (d0, q0, r1, m0, '$SYS/broker/shared_subscriptions/count', ... (1 bytes))
1763826202: Sending PUBLISH to healthcheck (d0, q0, r1, m0, '$SYS/broker/retained messages/count', ... (2 bytes))
1763826202: Sending PUBLISH to healthcheck (d0, q0, r1, m0, '$SYS/broker/publish/messages/dropped', ... (1 bytes))
1763826202: Sending PUBLISH to healthcheck (d0, q0, r1, m0, '$SYS/broker/publish/messages/received', ... (1 bytes))
1763826202: Sending PUBLISH to healthcheck (d0, q0, r1, m0, '$SYS/broker/publish/messages/sent', ... (3 bytes))
1763826202: Sending PUBLISH to healthcheck (d0, q0, r1, m0, '$SYS/broker/publish/bytes/received', ... (4 bytes))
1763826202: Sending PUBLISH to healthcheck (d0, q0, r1, m0, '$SYS/broker/publish/bytes/sent', ... (4 bytes))
1763826202: Sending PUBLISH to healthcheck (d0, q0, r1, m0, '$SYS/broker/bytes/received', ... (4 bytes))
1763826202: Sending PUBLISH to healthcheck (d0, q0, r1, m0, '$SYS/broker/bytes/sent', ... (5 bytes))
1763826202: Client healthcheck closed its connection.
1763826213: Received PINGREQ from Subscriber
1763826213: Sending PINGRESP to Subscriber
1763826262: New connection from 127.0.0.1:40086 on port 1883.
1763826262: New client connected from 127.0.0.1:40086 as healthcheck (p2, c1, k60).
1763826262: No will message specified.
1763826262: Sending CONNACK to healthcheck (0, 0)
1763826262: Received SUBSCRIBE from healthcheck
1763826262: 	$SYS/# (QoS 0)
1763826262: healthcheck 0 $SYS/#
1763826262: Sending SUBACK to healthcheck
1763826262: Sending PUBLISH to healthcheck (d0, q0, r1, m0, '$SYS/broker/version', ... (24 bytes))
1763826262: Sending PUBLISH to healthcheck (d0, q0, r1, m0, '$SYS/broker/uptime', ... (11 bytes))
1763826262: Sending PUBLISH to healthcheck (d0, q0, r1, m0, '$SYS/broker/clients/total', ... (1 bytes))
1763826262: Sending PUBLISH to healthcheck (d0, q0, r1, m0, '$SYS/broker/clients/inactive', ... (1 bytes))
1763826262: Sending PUBLISH to healthcheck (d0, q0, r1, m0, '$SYS/broker/clients/disconnected', ... (1 bytes))
1763826262: Sending PUBLISH to healthcheck (d0, q0, r1, m0, '$SYS/broker/clients/active', ... (1 bytes))
1763826262: Sending PUBLISH to healthcheck (d0, q0, r1, m0, '$SYS/broker/clients/connected', ... (1 bytes))
1763826262: Sending PUBLISH to healthcheck (d0, q0, r1, m0, '$SYS/broker/clients/expired', ... (1 bytes))
1763826262: Sending PUBLISH to healthcheck (d0, q0, r1, m0, '$SYS/broker/clients/maximum', ... (1 bytes))
1763826262: Sending PUBLISH to healthcheck (d0, q0, r1, m0, '$SYS/broker/load/messages/received/1min', ... (4 bytes))
1763826262: Sending PUBLISH to healthcheck (d0, q0, r1, m0, '$SYS/broker/load/messages/received/5min', ... (4 bytes))
1763826262: Sending PUBLISH to healthcheck (d0, q0, r1, m0, '$SYS/broker/load/messages/received/15min', ... (4 bytes))
1763826262: Sending PUBLISH to healthcheck (d0, q0, r1, m0, '$SYS/broker/load/messages/sent/1min', ... (5 bytes))
1763826262: Sending PUBLISH to healthcheck (d0, q0, r1, m0, '$SYS/broker/load/messages/sent/5min', ... (5 bytes))
1763826262: Sending PUBLISH to healthcheck (d0, q0, r1, m0, '$SYS/broker/load/messages/sent/15min', ... (5 bytes))
1763826262: Sending PUBLISH to healthcheck (d0, q0, r1, m0, '$SYS/broker/load/publish/dropped/1min', ... (4 bytes))
1763826262: Sending PUBLISH to healthcheck (d0, q0, r1, m0, '$SYS/broker/load/publish/dropped/5min', ... (4 bytes))
1763826262: Sending PUBLISH to healthcheck (d0, q0, r1, m0, '$SYS/broker/load/publish/dropped/15min', ... (4 bytes))
1763826262: Sending PUBLISH to healthcheck (d0, q0, r1, m0, '$SYS/broker/load/publish/received/1min', ... (4 bytes))
1763826262: Sending PUBLISH to healthcheck (d0, q0, r1, m0, '$SYS/broker/load/publish/received/5min', ... (4 bytes))
1763826262: Sending PUBLISH to healthcheck (d0, q0, r1, m0, '$SYS/broker/load/publish/received/15min', ... (4 bytes))
1763826262: Sending PUBLISH to healthcheck (d0, q0, r1, m0, '$SYS/broker/load/publish/sent/1min', ... (5 bytes))
1763826262: Sending PUBLISH to healthcheck (d0, q0, r1, m0, '$SYS/broker/load/publish/sent/5min', ... (5 bytes))
1763826262: Sending PUBLISH to healthcheck (d0, q0, r1, m0, '$SYS/broker/load/publish/sent/15min', ... (5 bytes))
1763826262: Sending PUBLISH to healthcheck (d0, q0, r1, m0, '$SYS/broker/load/bytes/received/1min', ... (5 bytes))
1763826262: Sending PUBLISH to healthcheck (d0, q0, r1, m0, '$SYS/broker/load/bytes/received/5min', ... (6 bytes))
1763826262: Sending PUBLISH to healthcheck (d0, q0, r1, m0, '$SYS/broker/load/bytes/received/15min', ... (6 bytes))
1763826262: Sending PUBLISH to healthcheck (d0, q0, r1, m0, '$SYS/broker/load/bytes/sent/1min', ... (7 bytes))
1763826262: Sending PUBLISH to healthcheck (d0, q0, r1, m0, '$SYS/broker/load/bytes/sent/5min', ... (7 bytes))
1763826262: Sending PUBLISH to healthcheck (d0, q0, r1, m0, '$SYS/broker/load/bytes/sent/15min', ... (7 bytes))
1763826262: Sending PUBLISH to healthcheck (d0, q0, r1, m0, '$SYS/broker/load/sockets/1min', ... (4 bytes))
1763826262: Sending PUBLISH to healthcheck (d0, q0, r1, m0, '$SYS/broker/load/sockets/5min', ... (4 bytes))
1763826262: Sending PUBLISH to healthcheck (d0, q0, r1, m0, '$SYS/broker/load/sockets/15min', ... (4 bytes))
1763826262: Sending PUBLISH to healthcheck (d0, q0, r1, m0, '$SYS/broker/load/connections/1min', ... (4 bytes))
1763826262: Sending PUBLISH to healthcheck (d0, q0, r1, m0, '$SYS/broker/load/connections/5min', ... (4 bytes))
1763826262: Sending PUBLISH to healthcheck (d0, q0, r1, m0, '$SYS/broker/load/connections/15min', ... (4 bytes))
1763826262: Sending PUBLISH to healthcheck (d0, q0, r1, m0, '$SYS/broker/messages/stored', ... (2 bytes))
1763826262: Sending PUBLISH to healthcheck (d0, q0, r1, m0, '$SYS/broker/messages/received', ... (2 bytes))
1763826262: Sending PUBLISH to healthcheck (d0, q0, r1, m0, '$SYS/broker/messages/sent', ... (3 bytes))
1763826262: Sending PUBLISH to healthcheck (d0, q0, r1, m0, '$SYS/broker/store/messages/count', ... (2 bytes))
1763826262: Sending PUBLISH to healthcheck (d0, q0, r1, m0, '$SYS/broker/store/messages/bytes', ... (3 bytes))
1763826262: Sending PUBLISH to healthcheck (d0, q0, r1, m0, '$SYS/broker/subscriptions/count', ... (1 bytes))
1763826262: Sending PUBLISH to healthcheck (d0, q0, r1, m0, '$SYS/broker/shared_subscriptions/count', ... (1 bytes))
1763826262: Sending PUBLISH to healthcheck (d0, q0, r1, m0, '$SYS/broker/retained messages/count', ... (2 bytes))
1763826262: Sending PUBLISH to healthcheck (d0, q0, r1, m0, '$SYS/broker/publish/messages/dropped', ... (1 bytes))
1763826262: Sending PUBLISH to healthcheck (d0, q0, r1, m0, '$SYS/broker/publish/messages/received', ... (1 bytes))
1763826262: Sending PUBLISH to healthcheck (d0, q0, r1, m0, '$SYS/broker/publish/messages/sent', ... (3 bytes))
1763826262: Sending PUBLISH to healthcheck (d0, q0, r1, m0, '$SYS/broker/publish/bytes/received', ... (4 bytes))
1763826262: Sending PUBLISH to healthcheck (d0, q0, r1, m0, '$SYS/broker/publish/bytes/sent', ... (4 bytes))
1763826262: Sending PUBLISH to healthcheck (d0, q0, r1, m0, '$SYS/broker/bytes/received', ... (4 bytes))
1763826262: Sending PUBLISH to healthcheck (d0, q0, r1, m0, '$SYS/broker/bytes/sent', ... (5 bytes))
1763826262: Client healthcheck closed its connection.
1763826274: Received PINGREQ from Subscriber
1763826274: Sending PINGRESP to Subscriber
